#
# A fatal error has been detected by the Java Runtime Environment:
#
#  SIGILL (0x4) at pc=0x0000000110f5af80, pid=25715, tid=38915
#
# JRE version: OpenJDK Runtime Environment JBR-17.0.11+1-1207.24-jcef (17.0.11+1) (build 17.0.11+1-b1207.24)
# Java VM: OpenJDK 64-Bit Server VM JBR-17.0.11+1-1207.24-jcef (17.0.11+1-b1207.24, mixed mode, tiered, compressed oops, compressed class ptrs, g1 gc, bsd-amd64)
# Problematic frame:
# C  [librmi.dylib+0x3f80]  Java_sun_rmi_transport_GC_maxObjectInspectionAge+0x0
#
# No core dump will be written. Core dumps have been disabled. To enable core dumping, try "ulimit -c unlimited" before starting Java again
#
# If you would like to submit a bug report, please visit:
#   https://youtrack.jetbrains.com/issues/JBR
# The crash happened outside the Java Virtual Machine in native code.
# See problematic frame for where to report the bug.
#

---------------  S U M M A R Y ------------

Command Line: -Djava.rmi.server.hostname=127.0.0.1 -Duser.timezone=UTC -Xmx2048m -Xms128m -Djdbc.classpath=/Users/mac/Applications/PhpStorm.app/Contents/plugins/DatabaseTools/lib/jdbc-console.jar:/Users/mac/Library/Application Support/JetBrains/PhpStorm2024.1/jdbc-drivers/MySQL ConnectorJ/8.2.0/com/mysql/mysql-connector-j/8.2.0/mysql-connector-j-8.2.0.jar:/Users/mac/Library/Application Support/JetBrains/PhpStorm2024.1/jdbc-drivers/MySQL ConnectorJ/8.2.0/com/google/protobuf/protobuf-java/3.21.9/protobuf-java-3.21.9.jar --add-exports=java.desktop/sun.awt=ALL-UNNAMED --add-exports=java.desktop/java.awt.peer=ALL-UNNAMED --add-opens=java.desktop/java.awt=ALL-UNNAMED --add-opens=jdk.unsupported/sun.misc=ALL-UNNAMED --add-opens=java.base/java.nio=ALL-UNNAMED --add-opens=java.base/java.util=ALL-UNNAMED -Dfile.encoding=UTF-8 com.intellij.database.remote.RemoteJdbcServer com.mysql.cj.jdbc.Driver

Host: "MacBookPro12,1" x86_64 2700 MHz, 4 cores, 8G, Darwin 21.6.0, macOS 12.7.5 (21H1222)
Time: Sat Jun 15 22:47:47 2024 BST elapsed time: 7.311513 seconds (0d 0h 0m 7s)

---------------  T H R E A D  ---------------

Current thread (0x00007fc659836c00):  JavaThread "RMI GC Daemon" daemon [_thread_in_native, id=38915, stack(0x0000700010730000,0x0000700010830000)]

Stack: [0x0000700010730000,0x0000700010830000],  sp=0x000070001082f978,  free space=1022k
Native frames: (J=compiled Java code, j=interpreted, Vv=VM code, C=native code)
C  [librmi.dylib+0x3f80]  Java_sun_rmi_transport_GC_maxObjectInspectionAge+0x0
j  sun.rmi.transport.GC$Daemon.run()V+25 java.rmi@17.0.11
j  java.lang.Thread.run()V+11 java.base@17.0.11
j  jdk.internal.misc.InnocuousThread.run()V+20 java.base@17.0.11
v  ~StubRoutines::call_stub
V  [libjvm.dylib+0x52b982]  _ZN9JavaCalls11call_helperEP9JavaValueRK12methodHandleP17JavaCallArgumentsP10JavaThread+0x2a2
V  [libjvm.dylib+0x52aac5]  _ZN9JavaCalls12call_virtualEP9JavaValueP5KlassP6SymbolS5_P17JavaCallArgumentsP10JavaThread+0xf5
V  [libjvm.dylib+0x52ab83]  _ZN9JavaCalls12call_virtualEP9JavaValue6HandleP5KlassP6SymbolS6_P10JavaThread+0x63
V  [libjvm.dylib+0x5d6db4]  _ZL12thread_entryP10JavaThreadS0_+0xb4
V  [libjvm.dylib+0xab2ba0]  _ZN10JavaThread17thread_main_innerEv+0x150
V  [libjvm.dylib+0xab0ef7]  _ZN6Thread8call_runEv+0xa7
V  [libjvm.dylib+0x8c4e28]  _ZL19thread_native_entryP6Thread+0x148
C  [libsystem_pthread.dylib+0x64e1]  _pthread_start+0x7d
C  [libsystem_pthread.dylib+0x1f6b]  thread_start+0xf

Java frames: (J=compiled Java code, j=interpreted, Vv=VM code)
j  sun.rmi.transport.GC.maxObjectInspectionAge()J+0 java.rmi@17.0.11
j  sun.rmi.transport.GC$Daemon.run()V+25 java.rmi@17.0.11
j  java.lang.Thread.run()V+11 java.base@17.0.11
j  jdk.internal.misc.InnocuousThread.run()V+20 java.base@17.0.11
v  ~StubRoutines::call_stub

siginfo: si_signo: 4 (SIGILL), si_code: 1 (ILL_ILLOPC), si_addr: 0x0000000110f5af80

Registers:
RAX=0x0000000110f5af80, RBX=0x000000012c9a35b0, RCX=0x00006000007e8ef8, RDX=0x0000000000000003
RSP=0x000070001082f978, RBP=0x000070001082f9c8, RSI=0x000070001082f9d8, RDI=0x00007fc659836eb0
R8 =0x000000012c9a35b0, R9 =0x0000000000000040, R10=0x000000011f9f15ab, R11=0x0000000787a8d3d8
R12=0x0000000000000000, R13=0x000000012c9a35b0, R14=0x000070001082f9e0, R15=0x00007fc659836c00
RIP=0x0000000110f5af80, EFLAGS=0x0000000000010283, ERR=0x0000000000000000
  TRAPNO=0x0000000000000006


Register to memory mapping:

RAX=0x0000000110f5af80: Java_sun_rmi_transport_GC_maxObjectInspectionAge+0 in /Users/mac/Applications/PhpStorm.app/Contents/jbr/Contents/Home/lib/librmi.dylib at 0x0000000110f57000
RBX={method} {0x000000012c9a35b0} 'maxObjectInspectionAge' '()J' in 'sun/rmi/transport/GC'
RCX=0x00006000007e8ef8 points into unknown readable memory: 0x0000000000000000 | 00 00 00 00 00 00 00 00
RDX=0x0000000000000003 is an unknown value
RSP=0x000070001082f978 is pointing into the stack for thread: 0x00007fc659836c00
RBP=0x000070001082f9c8 is pointing into the stack for thread: 0x00007fc659836c00
RSI=0x000070001082f9d8 is pointing into the stack for thread: 0x00007fc659836c00
RDI=0x00007fc659836eb0 points into unknown readable memory: 0x0000000111eb2218 | 18 22 eb 11 01 00 00 00
R8 ={method} {0x000000012c9a35b0} 'maxObjectInspectionAge' '()J' in 'sun/rmi/transport/GC'
R9 =0x0000000000000040 is an unknown value
R10=0x000000011f9f15ab is at code_begin+843 in an Interpreter codelet
method entry point (kind = native)  [0x000000011f9f1260, 0x000000011f9f1ac0]  2144 bytes
R11=0x0000000787a8d3d8 is an oop: java.lang.Class 
{0x0000000787a8d3d8} - klass: 'java/lang/Class'
 - ---- fields (total size 17 words):
 - private volatile transient 'classRedefinedCount' 'I' @12  0
 - private volatile transient 'cachedConstructor' 'Ljava/lang/reflect/Constructor;' @40  NULL (0)
 - private transient 'name' 'Ljava/lang/String;' @44  NULL (0)
 - private transient 'module' 'Ljava/lang/Module;' @48  a 'java/lang/Module'{0x0000000787faa960} (f0ff552c)
 - private final 'classLoader' 'Ljava/lang/ClassLoader;' @52  NULL (0)
 - private transient 'classData' 'Ljava/lang/Object;' @56  NULL (0)
 - private transient 'packageName' 'Ljava/lang/String;' @60  NULL (0)
 - private final 'componentType' 'Ljava/lang/Class;' @64  NULL (0)
 - private volatile transient 'reflectionData' 'Ljava/lang/ref/SoftReference;' @68  NULL (0)
 - private volatile transient 'genericInfo' 'Lsun/reflect/generics/repository/ClassRepository;' @72  NULL (0)
 - private volatile transient 'enumConstants' '[Ljava/lang/Object;' @76  NULL (0)
 - private volatile transient 'enumConstantDirectory' 'Ljava/util/Map;' @80  NULL (0)
 - private volatile transient 'annotationData' 'Ljava/lang/Class$AnnotationData;' @84  NULL (0)
 - private volatile transient 'annotationType' 'Lsun/reflect/annotation/AnnotationType;' @88  NULL (0)
 - transient 'classValueMap' 'Ljava/lang/ClassValue$ClassValueMap;' @92  NULL (0)
 - signature: Lsun/rmi/transport/GC;
 - fake entry for mirror: 'sun/rmi/transport/GC'
 - fake entry for array: NULL
 - fake entry for oop_size: 17
 - fake entry for static_oop_field_count: 2
 - private static final 'NO_TARGET' 'J' @120  9223372036854775807 (ffffffff 7fffffff)
 - private static 'latencyTarget' 'J' @128  3600000 (36ee80 0)
 - private static 'daemon' 'Ljava/lang/Thread;' @112  a 'jdk/internal/misc/InnocuousThread'{0x0000000787a8dcb0} (f0f51b96)
 - private static 'lock' 'Ljava/lang/Object;' @116  a 'sun/rmi/transport/GC$LatencyLock'{0x0000000787a8d4f0} (f0f51a9e)
R12=0x0 is NULL
R13={method} {0x000000012c9a35b0} 'maxObjectInspectionAge' '()J' in 'sun/rmi/transport/GC'
R14=0x000070001082f9e0 is pointing into the stack for thread: 0x00007fc659836c00
R15=0x00007fc659836c00 is a thread


Top of Stack: (sp=0x000070001082f978)
0x000070001082f978:   000000011f9f15da 000070001082f980
0x000070001082f988:   000000012c9a35b0 000070001082f9e0
0x000070001082f998:   000000012c9a3978 0000000000000000
0x000070001082f9a8:   0000000787a8d3d8 000000012c9a35b0
0x000070001082f9b8:   0000000000000000 000070001082f9e8
0x000070001082f9c8:   000070001082fa40 000000011f9ed38f
0x000070001082f9d8:   0000000787a8d3d8 000000011f9eeff7
0x000070001082f9e8:   0000000000000003 0000000787a8d4f0
0x000070001082f9f8:   000070001082f9e8 000000012c9a8d39
0x000070001082fa08:   000070001082fa88 000000012c9a8f30
0x000070001082fa18:   0000000000000000 0000000787a8db38
0x000070001082fa28:   000000012c9a8de8 000070001082f9e8
0x000070001082fa38:   000070001082fa88 000070001082fad8
0x000070001082fa48:   000000011f9ed8e4 0000000000000000
0x000070001082fa58:   0000000000000000 0000000000000000
0x000070001082fa68:   0000000000000000 0000000787a8d4f0
0x000070001082fa78:   000000000036ee80 0000000000000000
0x000070001082fa88:   0000000787a8dca0 000070001082fa90
0x000070001082fa98:   000000012c047dd3 000070001082fae8
0x000070001082faa8:   000000012c1518c0 0000000000000000
0x000070001082fab8:   0000000787f02080 000000012c047df0
0x000070001082fac8:   000070001082fa88 000070001082fae8
0x000070001082fad8:   000070001082fb38 000000011f9ed45e
0x000070001082fae8:   0000000787a8dcb0 000070001082faf0
0x000070001082faf8:   000000012c41b7b4 000070001082fb48
0x000070001082fb08:   000000012c41ba88 0000000000000000
0x000070001082fb18:   0000000787e12110 000000012c41b7d0
0x000070001082fb28:   000070001082fae8 000070001082fb48
0x000070001082fb38:   000070001082fbb0 000000011f9e4cc9
0x000070001082fb48:   0000000787a8dcb0 0000700000001fa0
0x000070001082fb58:   00007fc659836c00 000070001082fd78
0x000070001082fb68:   000070001082fe50 000070001082fd20 

Instructions: (pc=0x0000000110f5af80)
0x0000000110f5ae80:   1b 12 8e 29 c3 d3 b0 85 be 4e 96 62 c9 68 a0 6c
0x0000000110f5ae90:   6f 82 64 b0 2c 19 2e db 33 2e 64 49 b2 9e 58 72
0x0000000110f5aea0:   bc 94 78 4c 85 78 7c f6 49 7b a7 a2 69 55 26 e2
0x0000000110f5aeb0:   c9 82 10 7d 41 cc 89 e5 b4 c8 ec b5 e8 94 8b b0
0x0000000110f5aec0:   a4 f2 c8 f6 70 e4 28 72 11 eb 39 db 16 98 94 6c
0x0000000110f5aed0:   df 18 4e 41 bd 5f 9c a2 68 d6 ed a5 12 9e a2 25
0x0000000110f5aee0:   f8 3b 03 fe 3d 56 0c 08 46 ec c0 3e b8 a1 47 c7
0x0000000110f5aef0:   23 22 da 72 e2 cc 3c 84 f4 b2 a9 d1 25 87 c3 cd
0x0000000110f5af00:   1d 5e fa e4 6e f1 d4 bf ac 15 42 11 2c c4 81 07
0x0000000110f5af10:   90 83 60 e3 9d 97 78 91 7b b7 1c 26 d3 5b 12 14
0x0000000110f5af20:   e2 ac fc b3 db 0b 73 64 0c c1 a3 61 f4 f6 2e 46
0x0000000110f5af30:   f1 f1 99 5a 30 db be 23 33 c8 65 d1 83 b2 c5 58
0x0000000110f5af40:   b0 3a 6a 31 cc 28 1d ff da 84 37 fb 73 6f 59 96
0x0000000110f5af50:   58 af a3 e1 83 01 42 2e 4a a7 ff fd f5 b1 96 5a
0x0000000110f5af60:   d4 9d 6b ff 9b 4f b5 bd b7 fe b6 b6 0c 94 c0 a8
0x0000000110f5af70:   6d e3 09 ac fb fc 64 33 9a 28 93 98 53 f4 53 9a
0x0000000110f5af80:   44 c6 51 99 e6 5a 10 d4 c5 ca d9 94 f7 95 50 61
0x0000000110f5af90:   cf 17 13 53 a2 7f 86 d0 29 1b b3 1e 49 36 cf c8
0x0000000110f5afa0:   02 04 e5 69 14 57 4b 49 1d a7 d0 5f 5a 7f f3 75
0x0000000110f5afb0:   19 aa 89 51 ad 9a 8a 1c 0b 84 87 d6 bd be c0 1b
0x0000000110f5afc0:   30 69 fd c1 f9 e3 16 a7 7d 91 fd b4 f4 d7 96 2d
0x0000000110f5afd0:   c2 f9 c7 61 6c 60 90 65 43 ca 2e da 39 fb f5 69
0x0000000110f5afe0:   cf 67 32 5b ad 94 09 0a d2 78 6a 62 14 0d 29 13
0x0000000110f5aff0:   59 2c bd 90 81 af 69 33 0a 04 05 60 b5 6b 7c 0c
0x0000000110f5b000:   00 00 00 00 00 00 00 00 20 95 cd 46 f8 7f 00 00
0x0000000110f5b010:   70 5f 73 11 01 00 00 00 00 00 00 00 00 00 00 00
0x0000000110f5b020:   00 00 00 00 00 00 00 00 00 00 00 00 00 00 00 00
0x0000000110f5b030:   00 00 00 00 00 00 00 00 00 00 00 00 00 00 00 00
0x0000000110f5b040:   00 00 00 00 00 00 00 00 00 00 00 00 00 00 00 00
0x0000000110f5b050:   00 00 00 00 00 00 00 00 00 00 00 00 00 00 00 00
0x0000000110f5b060:   00 00 00 00 00 00 00 00 00 00 00 00 00 00 00 00
0x0000000110f5b070:   00 00 00 00 00 00 00 00 00 00 00 00 00 00 00 00 


Stack slot to memory mapping:
stack at sp + 0 slots: 0x000000011f9f15da is at code_begin+890 in an Interpreter codelet
method entry point (kind = native)  [0x000000011f9f1260, 0x000000011f9f1ac0]  2144 bytes
stack at sp + 1 slots: 0x000070001082f980 is pointing into the stack for thread: 0x00007fc659836c00
stack at sp + 2 slots: {method} {0x000000012c9a35b0} 'maxObjectInspectionAge' '()J' in 'sun/rmi/transport/GC'
stack at sp + 3 slots: 0x000070001082f9e0 is pointing into the stack for thread: 0x00007fc659836c00
stack at sp + 4 slots: 0x000000012c9a3978 is pointing into metadata
stack at sp + 5 slots: 0x0 is NULL
stack at sp + 6 slots: 0x0000000787a8d3d8 is an oop: java.lang.Class 
{0x0000000787a8d3d8} - klass: 'java/lang/Class'
 - ---- fields (total size 17 words):
 - private volatile transient 'classRedefinedCount' 'I' @12  0
 - private volatile transient 'cachedConstructor' 'Ljava/lang/reflect/Constructor;' @40  NULL (0)
 - private transient 'name' 'Ljava/lang/String;' @44  NULL (0)
 - private transient 'module' 'Ljava/lang/Module;' @48  a 'java/lang/Module'{0x0000000787faa960} (f0ff552c)
 - private final 'classLoader' 'Ljava/lang/ClassLoader;' @52  NULL (0)
 - private transient 'classData' 'Ljava/lang/Object;' @56  NULL (0)
 - private transient 'packageName' 'Ljava/lang/String;' @60  NULL (0)
 - private final 'componentType' 'Ljava/lang/Class;' @64  NULL (0)
 - private volatile transient 'reflectionData' 'Ljava/lang/ref/SoftReference;' @68  NULL (0)
 - private volatile transient 'genericInfo' 'Lsun/reflect/generics/repository/ClassRepository;' @72  NULL (0)
 - private volatile transient 'enumConstants' '[Ljava/lang/Object;' @76  NULL (0)
 - private volatile transient 'enumConstantDirectory' 'Ljava/util/Map;' @80  NULL (0)
 - private volatile transient 'annotationData' 'Ljava/lang/Class$AnnotationData;' @84  NULL (0)
 - private volatile transient 'annotationType' 'Lsun/reflect/annotation/AnnotationType;' @88  NULL (0)
 - transient 'classValueMap' 'Ljava/lang/ClassValue$ClassValueMap;' @92  NULL (0)
 - signature: Lsun/rmi/transport/GC;
 - fake entry for mirror: 'sun/rmi/transport/GC'
 - fake entry for array: NULL
 - fake entry for oop_size: 17
 - fake entry for static_oop_field_count: 2
 - private static final 'NO_TARGET' 'J' @120  9223372036854775807 (ffffffff 7fffffff)
 - private static 'latencyTarget' 'J' @128  3600000 (36ee80 0)
 - private static 'daemon' 'Ljava/lang/Thread;' @112  a 'jdk/internal/misc/InnocuousThread'{0x0000000787a8dcb0} (f0f51b96)
 - private static 'lock' 'Ljava/lang/Object;' @116  a 'sun/rmi/transport/GC$LatencyLock'{0x0000000787a8d4f0} (f0f51a9e)
stack at sp + 7 slots: {method} {0x000000012c9a35b0} 'maxObjectInspectionAge' '()J' in 'sun/rmi/transport/GC'


---------------  P R O C E S S  ---------------

Threads class SMR info:
_java_thread_list=0x00006000038f7860, length=16, elements={
0x00007fc658010200, 0x00007fc65a013c00, 0x00007fc659836600, 0x00007fc659837800,
0x00007fc659837e00, 0x00007fc65a021c00, 0x00007fc659838400, 0x00007fc658014600,
0x00007fc65a022200, 0x00007fc658012000, 0x00007fc65a03ee00, 0x00007fc65900c600,
0x00007fc659010e00, 0x00007fc658125a00, 0x00007fc658013400, 0x00007fc659836c00
}

Java Threads: ( => current thread )
  0x00007fc658010200 JavaThread "main" [_thread_in_Java, id=9731, stack(0x000070000efe8000,0x000070000f0e8000)]
  0x00007fc65a013c00 JavaThread "Reference Handler" daemon [_thread_blocked, id=15107, stack(0x000070000f6fd000,0x000070000f7fd000)]
  0x00007fc659836600 JavaThread "Finalizer" daemon [_thread_blocked, id=15619, stack(0x000070000f800000,0x000070000f900000)]
  0x00007fc659837800 JavaThread "Signal Dispatcher" daemon [_thread_blocked, id=42499, stack(0x000070000fa09000,0x000070000fb09000)]
  0x00007fc659837e00 JavaThread "Service Thread" daemon [_thread_blocked, id=41987, stack(0x000070000fb0c000,0x000070000fc0c000)]
  0x00007fc65a021c00 JavaThread "Monitor Deflation Thread" daemon [_thread_blocked, id=23555, stack(0x000070000fc0f000,0x000070000fd0f000)]
  0x00007fc659838400 JavaThread "C2 CompilerThread0" daemon [_thread_blocked, id=41475, stack(0x000070000fd12000,0x000070000fe12000)]
  0x00007fc658014600 JavaThread "C1 CompilerThread0" daemon [_thread_in_vm, id=23811, stack(0x000070000fe15000,0x000070000ff15000)]
  0x00007fc65a022200 JavaThread "Sweeper thread" daemon [_thread_blocked, id=24323, stack(0x000070000ff18000,0x0000700010018000)]
  0x00007fc658012000 JavaThread "Common-Cleaner" daemon [_thread_blocked, id=40963, stack(0x000070001001b000,0x000070001011b000)]
  0x00007fc65a03ee00 JavaThread "Notification Thread" daemon [_thread_blocked, id=24835, stack(0x000070001011e000,0x000070001021e000)]
  0x00007fc65900c600 JavaThread "mysql-cj-abandoned-connection-cleanup" daemon [_thread_blocked, id=39939, stack(0x0000700010324000,0x0000700010424000)]
  0x00007fc659010e00 JavaThread "RMI TCP Accept-12644" daemon [_thread_in_native, id=22279, stack(0x0000700010427000,0x0000700010527000)]
  0x00007fc658125a00 JavaThread "RMI TCP Accept-0" daemon [_thread_in_native, id=25347, stack(0x000070001052a000,0x000070001062a000)]
  0x00007fc658013400 JavaThread "RMI Reaper" [_thread_blocked, id=25859, stack(0x000070001062d000,0x000070001072d000)]
=>0x00007fc659836c00 JavaThread "RMI GC Daemon" daemon [_thread_in_native, id=38915, stack(0x0000700010730000,0x0000700010830000)]

Other Threads:
  0x00007fc658904a90 VMThread "VM Thread" [stack: 0x000070000f5fa000,0x000070000f6fa000] [id=17155]
  0x00007fc657f0c2c0 WatcherThread [stack: 0x0000700010221000,0x0000700010321000] [id=40451]
  0x00007fc658a06680 GCTaskThread "GC Thread#0" [stack: 0x000070000f0eb000,0x000070000f1eb000] [id=19459]
  0x00007fc658804a60 ConcurrentGCThread "G1 Main Marker" [stack: 0x000070000f1ee000,0x000070000f2ee000] [id=12291]
  0x00007fc657f05850 ConcurrentGCThread "G1 Conc#0" [stack: 0x000070000f2f1000,0x000070000f3f1000] [id=13059]
  0x00007fc658a07c40 ConcurrentGCThread "G1 Refine#0" [stack: 0x000070000f3f4000,0x000070000f4f4000] [id=13827]
  0x00007fc658a084e0 ConcurrentGCThread "G1 Service" [stack: 0x000070000f4f7000,0x000070000f5f7000] [id=18691]

Threads with active compile tasks:

VM state: not at safepoint (normal execution)

VM Mutex/Monitor currently owned by a thread: None

Heap address: 0x0000000780000000, size: 2048 MB, Compressed Oops mode: Zero based, Oop shift amount: 3

CDS archive(s) not mapped
Compressed class space mapped at: 0x0000000800000000-0x0000000840000000, reserved size: 1073741824
Narrow klass base: 0x0000000800000000, Narrow klass shift: 0, Narrow klass range: 0x40000000

GC Precious Log:
 CPUs: 4 total, 4 available
 Memory: 8192M
 Large Page Support: Disabled
 NUMA Support: Disabled
 Compressed Oops: Enabled (Zero based)
 Heap Region Size: 1M
 Heap Min Capacity: 128M
 Heap Initial Capacity: 128M
 Heap Max Capacity: 2G
 Pre-touch: Disabled
 Parallel Workers: 4
 Concurrent Workers: 1
 Concurrent Refinement Workers: 4
 Periodic GC: Disabled

Heap:
 garbage-first heap   total 131072K, used 7168K [0x0000000780000000, 0x0000000800000000)
  region size 1024K, 7 young (7168K), 0 survivors (0K)
 Metaspace       used 10597K, committed 10816K, reserved 1114112K
  class space    used 1067K, committed 1152K, reserved 1048576K

Heap Regions: E=young(eden), S=young(survivor), O=old, HS=humongous(starts), HC=humongous(continues), CS=collection set, F=free, OA=open archive, CA=closed archive, TAMS=top-at-mark-start (previous, next)
|   0|0x0000000780000000, 0x0000000780100000, 0x0000000780100000|100%|HS|  |TAMS 0x0000000780000000, 0x0000000780000000| Complete 
|   1|0x0000000780100000, 0x0000000780200000, 0x0000000780200000|100%|HC|  |TAMS 0x0000000780100000, 0x0000000780100000| Complete 
|   2|0x0000000780200000, 0x0000000780200000, 0x0000000780300000|  0%| F|  |TAMS 0x0000000780200000, 0x0000000780200000| Untracked 
|   3|0x0000000780300000, 0x0000000780300000, 0x0000000780400000|  0%| F|  |TAMS 0x0000000780300000, 0x0000000780300000| Untracked 
|   4|0x0000000780400000, 0x0000000780400000, 0x0000000780500000|  0%| F|  |TAMS 0x0000000780400000, 0x0000000780400000| Untracked 
|   5|0x0000000780500000, 0x0000000780500000, 0x0000000780600000|  0%| F|  |TAMS 0x0000000780500000, 0x0000000780500000| Untracked 
|   6|0x0000000780600000, 0x0000000780600000, 0x0000000780700000|  0%| F|  |TAMS 0x0000000780600000, 0x0000000780600000| Untracked 
|   7|0x0000000780700000, 0x0000000780700000, 0x0000000780800000|  0%| F|  |TAMS 0x0000000780700000, 0x0000000780700000| Untracked 
|   8|0x0000000780800000, 0x0000000780800000, 0x0000000780900000|  0%| F|  |TAMS 0x0000000780800000, 0x0000000780800000| Untracked 
|   9|0x0000000780900000, 0x0000000780900000, 0x0000000780a00000|  0%| F|  |TAMS 0x0000000780900000, 0x0000000780900000| Untracked 
|  10|0x0000000780a00000, 0x0000000780a00000, 0x0000000780b00000|  0%| F|  |TAMS 0x0000000780a00000, 0x0000000780a00000| Untracked 
|  11|0x0000000780b00000, 0x0000000780b00000, 0x0000000780c00000|  0%| F|  |TAMS 0x0000000780b00000, 0x0000000780b00000| Untracked 
|  12|0x0000000780c00000, 0x0000000780c00000, 0x0000000780d00000|  0%| F|  |TAMS 0x0000000780c00000, 0x0000000780c00000| Untracked 
|  13|0x0000000780d00000, 0x0000000780d00000, 0x0000000780e00000|  0%| F|  |TAMS 0x0000000780d00000, 0x0000000780d00000| Untracked 
|  14|0x0000000780e00000, 0x0000000780e00000, 0x0000000780f00000|  0%| F|  |TAMS 0x0000000780e00000, 0x0000000780e00000| Untracked 
|  15|0x0000000780f00000, 0x0000000780f00000, 0x0000000781000000|  0%| F|  |TAMS 0x0000000780f00000, 0x0000000780f00000| Untracked 
|  16|0x0000000781000000, 0x0000000781000000, 0x0000000781100000|  0%| F|  |TAMS 0x0000000781000000, 0x0000000781000000| Untracked 
|  17|0x0000000781100000, 0x0000000781100000, 0x0000000781200000|  0%| F|  |TAMS 0x0000000781100000, 0x0000000781100000| Untracked 
|  18|0x0000000781200000, 0x0000000781200000, 0x0000000781300000|  0%| F|  |TAMS 0x0000000781200000, 0x0000000781200000| Untracked 
|  19|0x0000000781300000, 0x0000000781300000, 0x0000000781400000|  0%| F|  |TAMS 0x0000000781300000, 0x0000000781300000| Untracked 
|  20|0x0000000781400000, 0x0000000781400000, 0x0000000781500000|  0%| F|  |TAMS 0x0000000781400000, 0x0000000781400000| Untracked 
|  21|0x0000000781500000, 0x0000000781500000, 0x0000000781600000|  0%| F|  |TAMS 0x0000000781500000, 0x0000000781500000| Untracked 
|  22|0x0000000781600000, 0x0000000781600000, 0x0000000781700000|  0%| F|  |TAMS 0x0000000781600000, 0x0000000781600000| Untracked 
|  23|0x0000000781700000, 0x0000000781700000, 0x0000000781800000|  0%| F|  |TAMS 0x0000000781700000, 0x0000000781700000| Untracked 
|  24|0x0000000781800000, 0x0000000781800000, 0x0000000781900000|  0%| F|  |TAMS 0x0000000781800000, 0x0000000781800000| Untracked 
|  25|0x0000000781900000, 0x0000000781900000, 0x0000000781a00000|  0%| F|  |TAMS 0x0000000781900000, 0x0000000781900000| Untracked 
|  26|0x0000000781a00000, 0x0000000781a00000, 0x0000000781b00000|  0%| F|  |TAMS 0x0000000781a00000, 0x0000000781a00000| Untracked 
|  27|0x0000000781b00000, 0x0000000781b00000, 0x0000000781c00000|  0%| F|  |TAMS 0x0000000781b00000, 0x0000000781b00000| Untracked 
|  28|0x0000000781c00000, 0x0000000781c00000, 0x0000000781d00000|  0%| F|  |TAMS 0x0000000781c00000, 0x0000000781c00000| Untracked 
|  29|0x0000000781d00000, 0x0000000781d00000, 0x0000000781e00000|  0%| F|  |TAMS 0x0000000781d00000, 0x0000000781d00000| Untracked 
|  30|0x0000000781e00000, 0x0000000781e00000, 0x0000000781f00000|  0%| F|  |TAMS 0x0000000781e00000, 0x0000000781e00000| Untracked 
|  31|0x0000000781f00000, 0x0000000781f00000, 0x0000000782000000|  0%| F|  |TAMS 0x0000000781f00000, 0x0000000781f00000| Untracked 
|  32|0x0000000782000000, 0x0000000782000000, 0x0000000782100000|  0%| F|  |TAMS 0x0000000782000000, 0x0000000782000000| Untracked 
|  33|0x0000000782100000, 0x0000000782100000, 0x0000000782200000|  0%| F|  |TAMS 0x0000000782100000, 0x0000000782100000| Untracked 
|  34|0x0000000782200000, 0x0000000782200000, 0x0000000782300000|  0%| F|  |TAMS 0x0000000782200000, 0x0000000782200000| Untracked 
|  35|0x0000000782300000, 0x0000000782300000, 0x0000000782400000|  0%| F|  |TAMS 0x0000000782300000, 0x0000000782300000| Untracked 
|  36|0x0000000782400000, 0x0000000782400000, 0x0000000782500000|  0%| F|  |TAMS 0x0000000782400000, 0x0000000782400000| Untracked 
|  37|0x0000000782500000, 0x0000000782500000, 0x0000000782600000|  0%| F|  |TAMS 0x0000000782500000, 0x0000000782500000| Untracked 
|  38|0x0000000782600000, 0x0000000782600000, 0x0000000782700000|  0%| F|  |TAMS 0x0000000782600000, 0x0000000782600000| Untracked 
|  39|0x0000000782700000, 0x0000000782700000, 0x0000000782800000|  0%| F|  |TAMS 0x0000000782700000, 0x0000000782700000| Untracked 
|  40|0x0000000782800000, 0x0000000782800000, 0x0000000782900000|  0%| F|  |TAMS 0x0000000782800000, 0x0000000782800000| Untracked 
|  41|0x0000000782900000, 0x0000000782900000, 0x0000000782a00000|  0%| F|  |TAMS 0x0000000782900000, 0x0000000782900000| Untracked 
|  42|0x0000000782a00000, 0x0000000782a00000, 0x0000000782b00000|  0%| F|  |TAMS 0x0000000782a00000, 0x0000000782a00000| Untracked 
|  43|0x0000000782b00000, 0x0000000782b00000, 0x0000000782c00000|  0%| F|  |TAMS 0x0000000782b00000, 0x0000000782b00000| Untracked 
|  44|0x0000000782c00000, 0x0000000782c00000, 0x0000000782d00000|  0%| F|  |TAMS 0x0000000782c00000, 0x0000000782c00000| Untracked 
|  45|0x0000000782d00000, 0x0000000782d00000, 0x0000000782e00000|  0%| F|  |TAMS 0x0000000782d00000, 0x0000000782d00000| Untracked 
|  46|0x0000000782e00000, 0x0000000782e00000, 0x0000000782f00000|  0%| F|  |TAMS 0x0000000782e00000, 0x0000000782e00000| Untracked 
|  47|0x0000000782f00000, 0x0000000782f00000, 0x0000000783000000|  0%| F|  |TAMS 0x0000000782f00000, 0x0000000782f00000| Untracked 
|  48|0x0000000783000000, 0x0000000783000000, 0x0000000783100000|  0%| F|  |TAMS 0x0000000783000000, 0x0000000783000000| Untracked 
|  49|0x0000000783100000, 0x0000000783100000, 0x0000000783200000|  0%| F|  |TAMS 0x0000000783100000, 0x0000000783100000| Untracked 
|  50|0x0000000783200000, 0x0000000783200000, 0x0000000783300000|  0%| F|  |TAMS 0x0000000783200000, 0x0000000783200000| Untracked 
|  51|0x0000000783300000, 0x0000000783300000, 0x0000000783400000|  0%| F|  |TAMS 0x0000000783300000, 0x0000000783300000| Untracked 
|  52|0x0000000783400000, 0x0000000783400000, 0x0000000783500000|  0%| F|  |TAMS 0x0000000783400000, 0x0000000783400000| Untracked 
|  53|0x0000000783500000, 0x0000000783500000, 0x0000000783600000|  0%| F|  |TAMS 0x0000000783500000, 0x0000000783500000| Untracked 
|  54|0x0000000783600000, 0x0000000783600000, 0x0000000783700000|  0%| F|  |TAMS 0x0000000783600000, 0x0000000783600000| Untracked 
|  55|0x0000000783700000, 0x0000000783700000, 0x0000000783800000|  0%| F|  |TAMS 0x0000000783700000, 0x0000000783700000| Untracked 
|  56|0x0000000783800000, 0x0000000783800000, 0x0000000783900000|  0%| F|  |TAMS 0x0000000783800000, 0x0000000783800000| Untracked 
|  57|0x0000000783900000, 0x0000000783900000, 0x0000000783a00000|  0%| F|  |TAMS 0x0000000783900000, 0x0000000783900000| Untracked 
|  58|0x0000000783a00000, 0x0000000783a00000, 0x0000000783b00000|  0%| F|  |TAMS 0x0000000783a00000, 0x0000000783a00000| Untracked 
|  59|0x0000000783b00000, 0x0000000783b00000, 0x0000000783c00000|  0%| F|  |TAMS 0x0000000783b00000, 0x0000000783b00000| Untracked 
|  60|0x0000000783c00000, 0x0000000783c00000, 0x0000000783d00000|  0%| F|  |TAMS 0x0000000783c00000, 0x0000000783c00000| Untracked 
|  61|0x0000000783d00000, 0x0000000783d00000, 0x0000000783e00000|  0%| F|  |TAMS 0x0000000783d00000, 0x0000000783d00000| Untracked 
|  62|0x0000000783e00000, 0x0000000783e00000, 0x0000000783f00000|  0%| F|  |TAMS 0x0000000783e00000, 0x0000000783e00000| Untracked 
|  63|0x0000000783f00000, 0x0000000783f00000, 0x0000000784000000|  0%| F|  |TAMS 0x0000000783f00000, 0x0000000783f00000| Untracked 
|  64|0x0000000784000000, 0x0000000784000000, 0x0000000784100000|  0%| F|  |TAMS 0x0000000784000000, 0x0000000784000000| Untracked 
|  65|0x0000000784100000, 0x0000000784100000, 0x0000000784200000|  0%| F|  |TAMS 0x0000000784100000, 0x0000000784100000| Untracked 
|  66|0x0000000784200000, 0x0000000784200000, 0x0000000784300000|  0%| F|  |TAMS 0x0000000784200000, 0x0000000784200000| Untracked 
|  67|0x0000000784300000, 0x0000000784300000, 0x0000000784400000|  0%| F|  |TAMS 0x0000000784300000, 0x0000000784300000| Untracked 
|  68|0x0000000784400000, 0x0000000784400000, 0x0000000784500000|  0%| F|  |TAMS 0x0000000784400000, 0x0000000784400000| Untracked 
|  69|0x0000000784500000, 0x0000000784500000, 0x0000000784600000|  0%| F|  |TAMS 0x0000000784500000, 0x0000000784500000| Untracked 
|  70|0x0000000784600000, 0x0000000784600000, 0x0000000784700000|  0%| F|  |TAMS 0x0000000784600000, 0x0000000784600000| Untracked 
|  71|0x0000000784700000, 0x0000000784700000, 0x0000000784800000|  0%| F|  |TAMS 0x0000000784700000, 0x0000000784700000| Untracked 
|  72|0x0000000784800000, 0x0000000784800000, 0x0000000784900000|  0%| F|  |TAMS 0x0000000784800000, 0x0000000784800000| Untracked 
|  73|0x0000000784900000, 0x0000000784900000, 0x0000000784a00000|  0%| F|  |TAMS 0x0000000784900000, 0x0000000784900000| Untracked 
|  74|0x0000000784a00000, 0x0000000784a00000, 0x0000000784b00000|  0%| F|  |TAMS 0x0000000784a00000, 0x0000000784a00000| Untracked 
|  75|0x0000000784b00000, 0x0000000784b00000, 0x0000000784c00000|  0%| F|  |TAMS 0x0000000784b00000, 0x0000000784b00000| Untracked 
|  76|0x0000000784c00000, 0x0000000784c00000, 0x0000000784d00000|  0%| F|  |TAMS 0x0000000784c00000, 0x0000000784c00000| Untracked 
|  77|0x0000000784d00000, 0x0000000784d00000, 0x0000000784e00000|  0%| F|  |TAMS 0x0000000784d00000, 0x0000000784d00000| Untracked 
|  78|0x0000000784e00000, 0x0000000784e00000, 0x0000000784f00000|  0%| F|  |TAMS 0x0000000784e00000, 0x0000000784e00000| Untracked 
|  79|0x0000000784f00000, 0x0000000784f00000, 0x0000000785000000|  0%| F|  |TAMS 0x0000000784f00000, 0x0000000784f00000| Untracked 
|  80|0x0000000785000000, 0x0000000785000000, 0x0000000785100000|  0%| F|  |TAMS 0x0000000785000000, 0x0000000785000000| Untracked 
|  81|0x0000000785100000, 0x0000000785100000, 0x0000000785200000|  0%| F|  |TAMS 0x0000000785100000, 0x0000000785100000| Untracked 
|  82|0x0000000785200000, 0x0000000785200000, 0x0000000785300000|  0%| F|  |TAMS 0x0000000785200000, 0x0000000785200000| Untracked 
|  83|0x0000000785300000, 0x0000000785300000, 0x0000000785400000|  0%| F|  |TAMS 0x0000000785300000, 0x0000000785300000| Untracked 
|  84|0x0000000785400000, 0x0000000785400000, 0x0000000785500000|  0%| F|  |TAMS 0x0000000785400000, 0x0000000785400000| Untracked 
|  85|0x0000000785500000, 0x0000000785500000, 0x0000000785600000|  0%| F|  |TAMS 0x0000000785500000, 0x0000000785500000| Untracked 
|  86|0x0000000785600000, 0x0000000785600000, 0x0000000785700000|  0%| F|  |TAMS 0x0000000785600000, 0x0000000785600000| Untracked 
|  87|0x0000000785700000, 0x0000000785700000, 0x0000000785800000|  0%| F|  |TAMS 0x0000000785700000, 0x0000000785700000| Untracked 
|  88|0x0000000785800000, 0x0000000785800000, 0x0000000785900000|  0%| F|  |TAMS 0x0000000785800000, 0x0000000785800000| Untracked 
|  89|0x0000000785900000, 0x0000000785900000, 0x0000000785a00000|  0%| F|  |TAMS 0x0000000785900000, 0x0000000785900000| Untracked 
|  90|0x0000000785a00000, 0x0000000785a00000, 0x0000000785b00000|  0%| F|  |TAMS 0x0000000785a00000, 0x0000000785a00000| Untracked 
|  91|0x0000000785b00000, 0x0000000785b00000, 0x0000000785c00000|  0%| F|  |TAMS 0x0000000785b00000, 0x0000000785b00000| Untracked 
|  92|0x0000000785c00000, 0x0000000785c00000, 0x0000000785d00000|  0%| F|  |TAMS 0x0000000785c00000, 0x0000000785c00000| Untracked 
|  93|0x0000000785d00000, 0x0000000785d00000, 0x0000000785e00000|  0%| F|  |TAMS 0x0000000785d00000, 0x0000000785d00000| Untracked 
|  94|0x0000000785e00000, 0x0000000785e00000, 0x0000000785f00000|  0%| F|  |TAMS 0x0000000785e00000, 0x0000000785e00000| Untracked 
|  95|0x0000000785f00000, 0x0000000785f00000, 0x0000000786000000|  0%| F|  |TAMS 0x0000000785f00000, 0x0000000785f00000| Untracked 
|  96|0x0000000786000000, 0x0000000786000000, 0x0000000786100000|  0%| F|  |TAMS 0x0000000786000000, 0x0000000786000000| Untracked 
|  97|0x0000000786100000, 0x0000000786100000, 0x0000000786200000|  0%| F|  |TAMS 0x0000000786100000, 0x0000000786100000| Untracked 
|  98|0x0000000786200000, 0x0000000786200000, 0x0000000786300000|  0%| F|  |TAMS 0x0000000786200000, 0x0000000786200000| Untracked 
|  99|0x0000000786300000, 0x0000000786300000, 0x0000000786400000|  0%| F|  |TAMS 0x0000000786300000, 0x0000000786300000| Untracked 
| 100|0x0000000786400000, 0x0000000786400000, 0x0000000786500000|  0%| F|  |TAMS 0x0000000786400000, 0x0000000786400000| Untracked 
| 101|0x0000000786500000, 0x0000000786500000, 0x0000000786600000|  0%| F|  |TAMS 0x0000000786500000, 0x0000000786500000| Untracked 
| 102|0x0000000786600000, 0x0000000786600000, 0x0000000786700000|  0%| F|  |TAMS 0x0000000786600000, 0x0000000786600000| Untracked 
| 103|0x0000000786700000, 0x0000000786700000, 0x0000000786800000|  0%| F|  |TAMS 0x0000000786700000, 0x0000000786700000| Untracked 
| 104|0x0000000786800000, 0x0000000786800000, 0x0000000786900000|  0%| F|  |TAMS 0x0000000786800000, 0x0000000786800000| Untracked 
| 105|0x0000000786900000, 0x0000000786900000, 0x0000000786a00000|  0%| F|  |TAMS 0x0000000786900000, 0x0000000786900000| Untracked 
| 106|0x0000000786a00000, 0x0000000786a00000, 0x0000000786b00000|  0%| F|  |TAMS 0x0000000786a00000, 0x0000000786a00000| Untracked 
| 107|0x0000000786b00000, 0x0000000786b00000, 0x0000000786c00000|  0%| F|  |TAMS 0x0000000786b00000, 0x0000000786b00000| Untracked 
| 108|0x0000000786c00000, 0x0000000786c00000, 0x0000000786d00000|  0%| F|  |TAMS 0x0000000786c00000, 0x0000000786c00000| Untracked 
| 109|0x0000000786d00000, 0x0000000786d00000, 0x0000000786e00000|  0%| F|  |TAMS 0x0000000786d00000, 0x0000000786d00000| Untracked 
| 110|0x0000000786e00000, 0x0000000786e00000, 0x0000000786f00000|  0%| F|  |TAMS 0x0000000786e00000, 0x0000000786e00000| Untracked 
| 111|0x0000000786f00000, 0x0000000786f00000, 0x0000000787000000|  0%| F|  |TAMS 0x0000000786f00000, 0x0000000786f00000| Untracked 
| 112|0x0000000787000000, 0x0000000787000000, 0x0000000787100000|  0%| F|  |TAMS 0x0000000787000000, 0x0000000787000000| Untracked 
| 113|0x0000000787100000, 0x0000000787100000, 0x0000000787200000|  0%| F|  |TAMS 0x0000000787100000, 0x0000000787100000| Untracked 
| 114|0x0000000787200000, 0x0000000787200000, 0x0000000787300000|  0%| F|  |TAMS 0x0000000787200000, 0x0000000787200000| Untracked 
| 115|0x0000000787300000, 0x0000000787300000, 0x0000000787400000|  0%| F|  |TAMS 0x0000000787300000, 0x0000000787300000| Untracked 
| 116|0x0000000787400000, 0x0000000787400000, 0x0000000787500000|  0%| F|  |TAMS 0x0000000787400000, 0x0000000787400000| Untracked 
| 117|0x0000000787500000, 0x0000000787500000, 0x0000000787600000|  0%| F|  |TAMS 0x0000000787500000, 0x0000000787500000| Untracked 
| 118|0x0000000787600000, 0x0000000787600000, 0x0000000787700000|  0%| F|  |TAMS 0x0000000787600000, 0x0000000787600000| Untracked 
| 119|0x0000000787700000, 0x0000000787700000, 0x0000000787800000|  0%| F|  |TAMS 0x0000000787700000, 0x0000000787700000| Untracked 
| 120|0x0000000787800000, 0x0000000787800000, 0x0000000787900000|  0%| F|  |TAMS 0x0000000787800000, 0x0000000787800000| Untracked 
| 121|0x0000000787900000, 0x0000000787943200, 0x0000000787a00000| 26%| E|  |TAMS 0x0000000787900000, 0x0000000787900000| Complete 
| 122|0x0000000787a00000, 0x0000000787b00000, 0x0000000787b00000|100%| E|CS|TAMS 0x0000000787a00000, 0x0000000787a00000| Complete 
| 123|0x0000000787b00000, 0x0000000787c00000, 0x0000000787c00000|100%| E|CS|TAMS 0x0000000787b00000, 0x0000000787b00000| Complete 
| 124|0x0000000787c00000, 0x0000000787d00000, 0x0000000787d00000|100%| E|CS|TAMS 0x0000000787c00000, 0x0000000787c00000| Complete 
| 125|0x0000000787d00000, 0x0000000787e00000, 0x0000000787e00000|100%| E|CS|TAMS 0x0000000787d00000, 0x0000000787d00000| Complete 
| 126|0x0000000787e00000, 0x0000000787f00000, 0x0000000787f00000|100%| E|  |TAMS 0x0000000787e00000, 0x0000000787e00000| Complete 
| 127|0x0000000787f00000, 0x0000000788000000, 0x0000000788000000|100%| E|CS|TAMS 0x0000000787f00000, 0x0000000787f00000| Complete 

Card table byte_map: [0x00000001106c6000,0x0000000110ac6000] _byte_map_base: 0x000000010cac6000

Marking Bits (Prev, Next): (CMBitMap*) 0x00007fc659808810, (CMBitMap*) 0x00007fc659808850
 Prev Bits: [0x000000011231c000, 0x000000011431c000)
 Next Bits: [0x00000001274ad000, 0x00000001294ad000)

Polling page: 0x0000000110011000

Metaspace:

Usage:
  Non-class:      9.33 MB used.
      Class:      1.05 MB used.
       Both:     10.38 MB used.

Virtual space:
  Non-class space:       64.00 MB reserved,       9.44 MB ( 15%) committed,  1 nodes.
      Class space:        1.00 GB reserved,       1.12 MB ( <1%) committed,  1 nodes.
             Both:        1.06 GB reserved,      10.56 MB ( <1%) committed. 

Chunk freelists:
   Non-Class:  6.42 MB
       Class:  14.72 MB
        Both:  21.14 MB

MaxMetaspaceSize: unlimited
CompressedClassSpaceSize: 1.00 GB
Initial GC threshold: 21.00 MB
Current GC threshold: 21.00 MB
CDS: off
MetaspaceReclaimPolicy: balanced
 - commit_granule_bytes: 65536.
 - commit_granule_words: 8192.
 - virtual_space_node_default_size: 8388608.
 - enlarge_chunks_in_place: 1.
 - new_chunks_are_fully_committed: 0.
 - uncommit_free_chunks: 1.
 - use_allocation_guard: 0.
 - handle_deallocations: 1.


Internal statistics:

num_allocs_failed_limit: 0.
num_arena_births: 116.
num_arena_deaths: 0.
num_vsnodes_births: 2.
num_vsnodes_deaths: 0.
num_space_committed: 169.
num_space_uncommitted: 0.
num_chunks_returned_to_freelist: 0.
num_chunks_taken_from_freelist: 180.
num_chunk_merges: 0.
num_chunk_splits: 105.
num_chunks_enlarged: 51.
num_inconsistent_stats: 0.

CodeHeap 'non-profiled nmethods': size=120032Kb used=157Kb max_used=157Kb free=119874Kb
 bounds [0x000000011ff75000, 0x00000001201e5000, 0x00000001274ad000]
CodeHeap 'profiled nmethods': size=120028Kb used=849Kb max_used=849Kb free=119178Kb
 bounds [0x00000001184ad000, 0x000000011871d000, 0x000000011f9e4000]
CodeHeap 'non-nmethods': size=5700Kb used=1128Kb max_used=1142Kb free=4572Kb
 bounds [0x000000011f9e4000, 0x000000011fc54000, 0x000000011ff75000]
 total_blobs=973 nmethods=556 adapters=331
 compilation: enabled
              stopped_count=0, restarted_count=0
 full_count=0

Compilation events (20 events):
Event: 7.022 Thread 0x00007fc658014600  502       3       jdk.internal.org.objectweb.asm.SymbolTable::addTypeInternal (85 bytes)
Event: 7.022 Thread 0x00007fc658014600 nmethod 502 0x0000000118566d90 code [0x0000000118566f80, 0x00000001185675d0]
Event: 7.022 Thread 0x00007fc658014600  503       3       java.util.Objects::checkIndex (7 bytes)
Event: 7.023 Thread 0x00007fc658014600 nmethod 503 0x0000000118567790 code [0x0000000118567940, 0x0000000118567b40]
Event: 7.023 Thread 0x00007fc658014600  504       3       jdk.internal.org.objectweb.asm.Frame::merge (317 bytes)
Event: 7.023 Thread 0x00007fc659838400  505 %     4       java.lang.StringLatin1::indexOfChar @ 7 (33 bytes)
Event: 7.024 Thread 0x00007fc658014600 nmethod 504 0x0000000118567c90 code [0x0000000118567ec0, 0x0000000118568840]
Event: 7.027 Thread 0x00007fc658014600  508       3       jdk.internal.org.objectweb.asm.Frame::push (59 bytes)
Event: 7.027 Thread 0x00007fc659838400 nmethod 505% 0x000000011ff9a690 code [0x000000011ff9a820, 0x000000011ff9a9f8]
Event: 7.027 Thread 0x00007fc658014600 nmethod 508 0x0000000118568a10 code [0x0000000118568c60, 0x00000001185693d0]
Event: 7.027 Thread 0x00007fc658014600  509       3       jdk.internal.org.objectweb.asm.MethodWriter::visitLabel (328 bytes)
Event: 7.028 Thread 0x00007fc658014600 nmethod 509 0x0000000118569710 code [0x0000000118569980, 0x000000011856a7a0]
Event: 7.028 Thread 0x00007fc658014600  506       3       java.util.ArrayList::get (15 bytes)
Event: 7.031 Thread 0x00007fc658014600 nmethod 506 0x000000011856aa10 code [0x000000011856abe0, 0x000000011856af00]
Event: 7.031 Thread 0x00007fc658014600  507       3       java.util.ArrayList::elementData (7 bytes)
Event: 7.032 Thread 0x00007fc658014600 nmethod 507 0x000000011856b090 code [0x000000011856b220, 0x000000011856b350]
Event: 7.036 Thread 0x00007fc658014600  510       3       java.lang.PublicMethods$Key::matches (31 bytes)
Event: 7.037 Thread 0x00007fc658014600 nmethod 510 0x000000011856b410 code [0x000000011856b5e0, 0x000000011856b950]
Event: 7.037 Thread 0x00007fc658014600  511       1       java.lang.reflect.Method::getReturnType (5 bytes)
Event: 7.037 Thread 0x00007fc658014600 nmethod 511 0x000000011ff9ab10 code [0x000000011ff9aca0, 0x000000011ff9ad70]

GC Heap History (0 events):
No events

Dll operation events (7 events):
Event: 0.051 Loaded shared library /Users/mac/Applications/PhpStorm.app/Contents/jbr/Contents/Home/lib/libjava.dylib
Event: 2.664 Loaded shared library /Users/mac/Applications/PhpStorm.app/Contents/jbr/Contents/Home/lib/libnio.dylib
Event: 3.101 Loaded shared library /Users/mac/Applications/PhpStorm.app/Contents/jbr/Contents/Home/lib/libzip.dylib
Event: 3.500 Loaded shared library /Users/mac/Applications/PhpStorm.app/Contents/jbr/Contents/Home/lib/libjimage.dylib
Event: 5.235 Loaded shared library /Users/mac/Applications/PhpStorm.app/Contents/jbr/Contents/Home/lib/libnet.dylib
Event: 6.711 Loaded shared library /Users/mac/Applications/PhpStorm.app/Contents/jbr/Contents/Home/lib/libextnet.dylib
Event: 7.304 Loaded shared library /Users/mac/Applications/PhpStorm.app/Contents/jbr/Contents/Home/lib/librmi.dylib

Deoptimization events (12 events):
Event: 3.790 Thread 0x00007fc658010200 Uncommon trap: trap_request=0xffffff45 fr.pc=0x000000011ff7c350 relative=0x0000000000000610
Event: 3.790 Thread 0x00007fc658010200 Uncommon trap: reason=unstable_if action=reinterpret pc=0x000000011ff7c350 method=java.util.zip.ZipFile$Source.checkAndAddEntry(II)I @ 128 c2
Event: 3.791 Thread 0x00007fc658010200 DEOPT PACKING pc=0x000000011ff7c350 sp=0x000070000f0e6390
Event: 3.791 Thread 0x00007fc658010200 DEOPT UNPACKING pc=0x000000011fa3a699 sp=0x000070000f0e6320 mode 2
Event: 3.791 Thread 0x00007fc658010200 Uncommon trap: trap_request=0xffffff45 fr.pc=0x000000011ff7b984 relative=0x0000000000000264
Event: 3.791 Thread 0x00007fc658010200 Uncommon trap: reason=unstable_if action=reinterpret pc=0x000000011ff7b984 method=java.util.zip.ZipCoder$UTF8ZipCoder.checkedHash([BII)I @ 75 c2
Event: 3.791 Thread 0x00007fc658010200 DEOPT PACKING pc=0x000000011ff7b984 sp=0x000070000f0e62d0
Event: 3.791 Thread 0x00007fc658010200 DEOPT UNPACKING pc=0x000000011fa3a699 sp=0x000070000f0e6280 mode 2
Event: 3.791 Thread 0x00007fc658010200 Uncommon trap: trap_request=0xffffff45 fr.pc=0x000000011ff7d074 relative=0x0000000000000154
Event: 3.791 Thread 0x00007fc658010200 Uncommon trap: reason=unstable_if action=reinterpret pc=0x000000011ff7d074 method=java.util.zip.ZipFile$Source.isMetaName([BII)Z @ 15 c2
Event: 3.791 Thread 0x00007fc658010200 DEOPT PACKING pc=0x000000011ff7d074 sp=0x000070000f0e63a0
Event: 3.791 Thread 0x00007fc658010200 DEOPT UNPACKING pc=0x000000011fa3a699 sp=0x000070000f0e6368 mode 2

Classes unloaded (0 events):
No events

Classes redefined (0 events):
No events

Internal exceptions (14 events):
Event: 4.518 Thread 0x00007fc658010200 Exception <a 'java/lang/NoSuchMethodError'{0x0000000787c5dac0}: 'java.lang.Object java.lang.invoke.DirectMethodHandle$Holder.invokeStatic(java.lang.Object, java.lang.Object, int)'> (0x0000000787c5dac0) 
thrown [src/hotspot/share/interpreter/linkResolver.cpp, line 771]
Event: 4.554 Thread 0x00007fc658010200 Exception <a 'java/lang/NoSuchMethodError'{0x0000000787c69880}: 'void java.lang.invoke.DelegatingMethodHandle$Holder.delegate(java.lang.Object, java.lang.Object, int, java.lang.Object)'> (0x0000000787c69880) 
thrown [src/hotspot/share/interpreter/linkResolver.cpp, line 771]
Event: 4.556 Thread 0x00007fc658010200 Exception <a 'java/lang/NoSuchMethodError'{0x0000000787c6dac0}: 'int java.lang.invoke.DirectMethodHandle$Holder.invokeSpecial(java.lang.Object, java.lang.Object, java.lang.Object)'> (0x0000000787c6dac0) 
thrown [src/hotspot/share/interpreter/linkResolver.cpp, line 771]
Event: 5.001 Thread 0x00007fc658010200 Exception <a 'java/lang/NoSuchMethodError'{0x0000000787cb07c0}: 'void java.lang.invoke.DirectMethodHandle$Holder.invokeStatic(java.lang.Object, java.lang.Object, java.lang.Object)'> (0x0000000787cb07c0) 
thrown [src/hotspot/share/interpreter/linkResolver.cpp, line 771]
Event: 5.063 Thread 0x00007fc658010200 Exception <a 'java/lang/NoSuchMethodError'{0x0000000787cbd110}: 'java.lang.Object java.lang.invoke.Invokers$Holder.invoke_MT(java.lang.Object, java.lang.Object, java.lang.Object)'> (0x0000000787cbd110) 
thrown [src/hotspot/share/interpreter/linkResolver.cpp, line 771]
Event: 5.146 Thread 0x00007fc658010200 Exception <a 'java/lang/NoSuchMethodError'{0x0000000787ccd4d0}: 'void java.lang.invoke.DirectMethodHandle$Holder.invokeInterface(java.lang.Object, java.lang.Object, java.lang.Object)'> (0x0000000787ccd4d0) 
thrown [src/hotspot/share/interpreter/linkResolver.cpp, line 771]
Event: 5.147 Thread 0x00007fc658010200 Exception <a 'java/lang/IncompatibleClassChangeError'{0x0000000787cd0930}: Found class java.lang.Object, but interface was expected> (0x0000000787cd0930) 
thrown [src/hotspot/share/interpreter/linkResolver.cpp, line 838]
Event: 5.148 Thread 0x00007fc658010200 Exception <a 'java/lang/IncompatibleClassChangeError'{0x0000000787cd1fc8}: Found class java.lang.Object, but interface was expected> (0x0000000787cd1fc8) 
thrown [src/hotspot/share/interpreter/linkResolver.cpp, line 838]
Event: 5.156 Thread 0x00007fc658010200 Exception <a 'java/lang/IncompatibleClassChangeError'{0x0000000787cd3098}: Found class java.lang.Object, but interface was expected> (0x0000000787cd3098) 
thrown [src/hotspot/share/interpreter/linkResolver.cpp, line 838]
Event: 5.160 Thread 0x00007fc658010200 Exception <a 'java/lang/IncompatibleClassChangeError'{0x0000000787cd4460}: Found class java.lang.Object, but interface was expected> (0x0000000787cd4460) 
thrown [src/hotspot/share/interpreter/linkResolver.cpp, line 838]
Event: 5.166 Thread 0x00007fc658010200 Exception <a 'java/lang/IncompatibleClassChangeError'{0x0000000787cd5418}: Found class java.lang.Object, but interface was expected> (0x0000000787cd5418) 
thrown [src/hotspot/share/interpreter/linkResolver.cpp, line 838]
Event: 5.173 Thread 0x00007fc658010200 Exception <a 'java/lang/NoSuchMethodError'{0x0000000787cd80e8}: 'void java.lang.invoke.DirectMethodHandle$Holder.invokeStatic(java.lang.Object, java.lang.Object)'> (0x0000000787cd80e8) 
thrown [src/hotspot/share/interpreter/linkResolver.cpp, line 771]
Event: 5.177 Thread 0x00007fc658010200 Exception <a 'java/lang/NoSuchMethodError'{0x0000000787cdba50}: 'void java.lang.invoke.DirectMethodHandle$Holder.invokeStaticInit(java.lang.Object, java.lang.Object)'> (0x0000000787cdba50) 
thrown [src/hotspot/share/interpreter/linkResolver.cpp, line 771]
Event: 5.619 Thread 0x00007fc658010200 Exception <a 'java/lang/NoSuchMethodError'{0x0000000787cf2980}: 'java.lang.Object java.lang.invoke.DirectMethodHandle$Holder.invokeStaticInit(java.lang.Object)'> (0x0000000787cf2980) 
thrown [src/hotspot/share/interpreter/linkResolver.cpp, line 771]

VM Operations (14 events):
Event: 1.641 Executing VM operation: Cleanup
Event: 1.679 Executing VM operation: Cleanup done
Event: 2.685 Executing VM operation: Cleanup
Event: 2.730 Executing VM operation: Cleanup done
Event: 3.052 Executing VM operation: HandshakeAllThreads
Event: 3.052 Executing VM operation: HandshakeAllThreads done
Event: 4.063 Executing VM operation: Cleanup
Event: 4.115 Executing VM operation: Cleanup done
Event: 4.137 Executing VM operation: HandshakeAllThreads
Event: 4.137 Executing VM operation: HandshakeAllThreads done
Event: 5.418 Executing VM operation: HandshakeAllThreads
Event: 5.418 Executing VM operation: HandshakeAllThreads done
Event: 6.422 Executing VM operation: Cleanup
Event: 6.461 Executing VM operation: Cleanup done

Events (20 events):
Event: 7.037 loading class sun/rmi/transport/ObjectTable$Reaper
Event: 7.037 loading class sun/rmi/transport/ObjectTable$Reaper done
Event: 7.038 Thread 0x00007fc658013400 Thread added: 0x00007fc658013400
Event: 7.038 Protecting memory [0x000070001062d000,0x0000700010631000] with protection modes 0
Event: 7.038 loading class sun/rmi/transport/GC
Event: 7.038 loading class sun/rmi/transport/GC done
Event: 7.038 loading class sun/rmi/transport/GC$LatencyLock
Event: 7.038 loading class sun/rmi/transport/GC$LatencyLock done
Event: 7.038 loading class sun/rmi/transport/GC$1
Event: 7.038 loading class sun/rmi/transport/GC$1 done
Event: 7.305 loading class sun/rmi/transport/GC$LatencyRequest
Event: 7.305 loading class sun/rmi/transport/GC$LatencyRequest done
Event: 7.305 loading class java/util/TreeSet
Event: 7.305 loading class java/util/TreeSet done
Event: 7.305 loading class sun/rmi/transport/GC$Daemon
Event: 7.306 loading class sun/rmi/transport/GC$Daemon done
Event: 7.306 loading class sun/rmi/transport/GC$Daemon$1
Event: 7.306 loading class sun/rmi/transport/GC$Daemon$1 done
Event: 7.306 Thread 0x00007fc659836c00 Thread added: 0x00007fc659836c00
Event: 7.306 Protecting memory [0x0000700010730000,0x0000700010734000] with protection modes 0


Dynamic libraries:
0x0000000110013000 	/Users/mac/Applications/PhpStorm.app/Contents/jbr/Contents/Home/lib/libjli.dylib
0x00007ff810275000 	/usr/lib/libz.1.dylib
0x00007ff810355000 	/usr/lib/libSystem.B.dylib
0x00007ff810350000 	/usr/lib/system/libcache.dylib
0x00007ff81030c000 	/usr/lib/system/libcommonCrypto.dylib
0x00007ff810335000 	/usr/lib/system/libcompiler_rt.dylib
0x00007ff81032b000 	/usr/lib/system/libcopyfile.dylib
0x00007ff8052dd000 	/usr/lib/system/libcorecrypto.dylib
0x00007ff80539b000 	/usr/lib/system/libdispatch.dylib
0x00007ff80555c000 	/usr/lib/system/libdyld.dylib
0x00007ff810347000 	/usr/lib/system/libkeymgr.dylib
0x00007ff8102ea000 	/usr/lib/system/libmacho.dylib
0x00007ff80f96b000 	/usr/lib/system/libquarantine.dylib
0x00007ff810345000 	/usr/lib/system/libremovefile.dylib
0x00007ff80a4f5000 	/usr/lib/system/libsystem_asl.dylib
0x00007ff805286000 	/usr/lib/system/libsystem_blocks.dylib
0x00007ff805420000 	/usr/lib/system/libsystem_c.dylib
0x00007ff81033d000 	/usr/lib/system/libsystem_collections.dylib
0x00007ff80ec1f000 	/usr/lib/system/libsystem_configuration.dylib
0x00007ff80dec8000 	/usr/lib/system/libsystem_containermanager.dylib
0x00007ff810022000 	/usr/lib/system/libsystem_coreservices.dylib
0x00007ff807b93000 	/usr/lib/system/libsystem_darwin.dylib
0x00007ff810348000 	/usr/lib/system/libsystem_dnssd.dylib
0x00007ff80541d000 	/usr/lib/system/libsystem_featureflags.dylib
0x00007ff805572000 	/usr/lib/system/libsystem_info.dylib
0x00007ff810288000 	/usr/lib/system/libsystem_m.dylib
0x00007ff80536f000 	/usr/lib/system/libsystem_malloc.dylib
0x00007ff80a490000 	/usr/lib/system/libsystem_networkextension.dylib
0x00007ff807fbd000 	/usr/lib/system/libsystem_notify.dylib
0x00007ff8165c9000 	/usr/lib/system/libsystem_product_info_filter.dylib
0x00007ff80ec23000 	/usr/lib/system/libsystem_sandbox.dylib
0x00007ff810342000 	/usr/lib/system/libsystem_secinit.dylib
0x00007ff805518000 	/usr/lib/system/libsystem_kernel.dylib
0x00007ff805568000 	/usr/lib/system/libsystem_platform.dylib
0x00007ff805550000 	/usr/lib/system/libsystem_pthread.dylib
0x00007ff80bd44000 	/usr/lib/system/libsystem_symptoms.dylib
0x00007ff8052c4000 	/usr/lib/system/libsystem_trace.dylib
0x00007ff810318000 	/usr/lib/system/libunwind.dylib
0x00007ff805288000 	/usr/lib/system/libxpc.dylib
0x00007ff805502000 	/usr/lib/libc++abi.dylib
0x00007ff8053e2000 	/usr/lib/libobjc.A.dylib
0x00007ff810323000 	/usr/lib/liboah.dylib
0x00007ff8054a9000 	/usr/lib/libc++.1.dylib
0x00007ff81c3de000 	/System/Library/Frameworks/Cocoa.framework/Versions/A/Cocoa
0x00007ff80801b000 	/System/Library/Frameworks/AppKit.framework/Versions/C/AppKit
0x00007ff80b531000 	/System/Library/Frameworks/CoreData.framework/Versions/A/CoreData
0x00007ff80641a000 	/System/Library/Frameworks/Foundation.framework/Versions/C/Foundation
0x00007ff808eab000 	/System/Library/PrivateFrameworks/UIFoundation.framework/Versions/A/UIFoundation
0x00007ff8162cc000 	/System/Library/PrivateFrameworks/RemoteViewServices.framework/Versions/A/RemoteViewServices
0x00007ff80e5a8000 	/System/Library/PrivateFrameworks/XCTTargetBootstrap.framework/Versions/A/XCTTargetBootstrap
0x00007ff812162000 	/System/Library/PrivateFrameworks/InternationalSupport.framework/Versions/A/InternationalSupport
0x00007ff8121ec000 	/System/Library/PrivateFrameworks/UserActivity.framework/Versions/A/UserActivity
0x00007ff81153d000 	/usr/lib/libspindump.dylib
0x00007ff80913a000 	/System/Library/Frameworks/UniformTypeIdentifiers.framework/Versions/A/UniformTypeIdentifiers
0x00007ff80cccd000 	/usr/lib/libapp_launch_measurement.dylib
0x00007ff80bf04000 	/System/Library/PrivateFrameworks/CoreAnalytics.framework/Versions/A/CoreAnalytics
0x00007ff80ccd0000 	/System/Library/PrivateFrameworks/CoreAutoLayout.framework/Versions/A/CoreAutoLayout
0x00007ff80df00000 	/System/Library/Frameworks/Metal.framework/Versions/A/Metal
0x00007ff80ec2f000 	/usr/lib/liblangid.dylib
0x00007ff80e5ad000 	/System/Library/PrivateFrameworks/CoreSVG.framework/Versions/A/CoreSVG
0x00007ff80a525000 	/System/Library/PrivateFrameworks/SkyLight.framework/Versions/A/SkyLight
0x00007ff80a8c4000 	/System/Library/Frameworks/CoreGraphics.framework/Versions/A/CoreGraphics
0x00007ff81698c000 	/System/Library/Frameworks/Accelerate.framework/Versions/A/Accelerate
0x00007ff810fbc000 	/System/Library/PrivateFrameworks/IconServices.framework/Versions/A/IconServices
0x00007ff80dee5000 	/System/Library/Frameworks/IOSurface.framework/Versions/A/IOSurface
0x00007ff80bf32000 	/usr/lib/libDiagnosticMessagesClient.dylib
0x00007ff81a082000 	/System/Library/Frameworks/ApplicationServices.framework/Versions/A/ApplicationServices
0x00007ff80e594000 	/System/Library/PrivateFrameworks/DFRFoundation.framework/Versions/A/DFRFoundation
0x00007ff8078ff000 	/usr/lib/libicucore.A.dylib
0x00007ff812f58000 	/System/Library/Frameworks/AudioToolbox.framework/Versions/A/AudioToolbox
0x00007ff81216e000 	/System/Library/PrivateFrameworks/DataDetectorsCore.framework/Versions/A/DataDetectorsCore
0x00007ff90e670000 	/System/Library/PrivateFrameworks/TextInput.framework/Versions/A/TextInput
0x00007ff80a4a8000 	/usr/lib/libMobileGestalt.dylib
0x00007ff80e2a0000 	/System/Library/Frameworks/Carbon.framework/Versions/A/Frameworks/HIToolbox.framework/Versions/A/HIToolbox
0x00007ff80c6cf000 	/System/Library/Frameworks/QuartzCore.framework/Versions/A/QuartzCore
0x00007ff8075a4000 	/System/Library/Frameworks/Security.framework/Versions/A/Security
0x00007ff816304000 	/System/Library/Frameworks/Carbon.framework/Versions/A/Frameworks/SpeechRecognition.framework/Versions/A/SpeechRecognition
0x00007ff80ca2d000 	/System/Library/PrivateFrameworks/CoreUI.framework/Versions/A/CoreUI
0x00007ff806e6e000 	/System/Library/Frameworks/CoreAudio.framework/Versions/A/CoreAudio
0x00007ff80c021000 	/System/Library/Frameworks/DiskArbitration.framework/Versions/A/DiskArbitration
0x00007ff81192e000 	/System/Library/PrivateFrameworks/MultitouchSupport.framework/Versions/A/MultitouchSupport
0x00007ff80a4a7000 	/usr/lib/libenergytrace.dylib
0x00007ff807f03000 	/System/Library/Frameworks/IOKit.framework/Versions/A/IOKit
0x00007ff8166f4000 	/System/Library/Frameworks/CoreServices.framework/Versions/A/CoreServices
0x00007ff80cc67000 	/System/Library/PrivateFrameworks/PerformanceAnalysis.framework/Versions/A/PerformanceAnalysis
0x00007ffa1e342000 	/System/Library/Frameworks/OpenGL.framework/Versions/A/OpenGL
0x00007ff80f891000 	/System/Library/PrivateFrameworks/MobileKeyBag.framework/Versions/A/MobileKeyBag
0x00007ff80af90000 	/System/Library/Frameworks/ColorSync.framework/Versions/A/ColorSync
0x00007ff80559d000 	/System/Library/Frameworks/CoreFoundation.framework/Versions/A/CoreFoundation
0x00007ff80e825000 	/System/Library/Frameworks/CoreImage.framework/Versions/A/CoreImage
0x00007ff806c82000 	/System/Library/Frameworks/CoreText.framework/Versions/A/CoreText
0x00007ff80e5dd000 	/System/Library/Frameworks/ImageIO.framework/Versions/A/ImageIO
0x00007ff81035b000 	/System/Library/PrivateFrameworks/SoftLinking.framework/Versions/A/SoftLinking
0x00007ff80cd18000 	/usr/lib/libxml2.2.dylib
0x00007ff8105df000 	/usr/lib/libcompression.dylib
0x00007ff812095000 	/System/Library/PrivateFrameworks/TextureIO.framework/Versions/A/TextureIO
0x00007ff810ccd000 	/usr/lib/libate.dylib
0x00007ff810aa9000 	/usr/lib/liblzma.5.dylib
0x00007ff80612c000 	/System/Library/Frameworks/SystemConfiguration.framework/Versions/A/SystemConfiguration
0x00007ff810357000 	/usr/lib/libfakelink.dylib
0x00007ff80a001000 	/System/Library/Frameworks/CFNetwork.framework/Versions/A/CFNetwork
0x00007ff810498000 	/usr/lib/libarchive.2.dylib
0x00007ff80ec2b000 	/System/Library/PrivateFrameworks/AppleSystemInfo.framework/Versions/A/AppleSystemInfo
0x00007ff80f992000 	/usr/lib/libbsm.0.dylib
0x00007ff809610000 	/usr/lib/libnetwork.dylib
0x00007ff8102f0000 	/usr/lib/system/libkxld.dylib
0x00007ff80f5c5000 	/System/Library/PrivateFrameworks/IOMobileFramebuffer.framework/Versions/A/IOMobileFramebuffer
0x00007ffb1dcf8000 	/usr/lib/libCoreEntitlements.dylib
0x00007ff810004000 	/System/Library/PrivateFrameworks/AppleFSCompression.framework/Versions/A/AppleFSCompression
0x00007ff80f97a000 	/usr/lib/libcoretls.dylib
0x00007ff810ac3000 	/usr/lib/libcoretls_cfhelpers.dylib
0x00007ff8105d9000 	/usr/lib/libpam.2.dylib
0x00007ff80b963000 	/usr/lib/libsqlite3.dylib
0x00007ff810b32000 	/usr/lib/libxar.1.dylib
0x00007ff810014000 	/usr/lib/libbz2.1.0.dylib
0x00007ff81035c000 	/usr/lib/libpcap.A.dylib
0x00007ff80bd3c000 	/usr/lib/libdns_services.dylib
0x00007ff8105a9000 	/usr/lib/libapple_nghttp2.dylib
0x00007ff810396000 	/usr/lib/libiconv.2.dylib
0x00007ff8102e9000 	/usr/lib/libcharset.1.dylib
0x00007ff80cc9b000 	/System/Library/Frameworks/CoreServices.framework/Versions/A/Frameworks/FSEvents.framework/Versions/A/FSEvents
0x00007ff807b9d000 	/System/Library/Frameworks/CoreServices.framework/Versions/A/Frameworks/CarbonCore.framework/Versions/A/CarbonCore
0x00007ff80bf85000 	/System/Library/Frameworks/CoreServices.framework/Versions/A/Frameworks/Metadata.framework/Versions/A/Metadata
0x00007ff810027000 	/System/Library/Frameworks/CoreServices.framework/Versions/A/Frameworks/OSServices.framework/Versions/A/OSServices
0x00007ff81051e000 	/System/Library/Frameworks/CoreServices.framework/Versions/A/Frameworks/SearchKit.framework/Versions/A/SearchKit
0x00007ff80bcce000 	/System/Library/Frameworks/CoreServices.framework/Versions/A/Frameworks/AE.framework/Versions/A/AE
0x00007ff805aa0000 	/System/Library/Frameworks/CoreServices.framework/Versions/A/Frameworks/LaunchServices.framework/Versions/A/LaunchServices
0x00007ff810a5a000 	/System/Library/Frameworks/CoreServices.framework/Versions/A/Frameworks/DictionaryServices.framework/Versions/A/DictionaryServices
0x00007ff80cca8000 	/System/Library/Frameworks/CoreServices.framework/Versions/A/Frameworks/SharedFileList.framework/Versions/A/SharedFileList
0x00007ff80f96e000 	/usr/lib/libCheckFix.dylib
0x00007ff80a50c000 	/System/Library/PrivateFrameworks/TCC.framework/Versions/A/TCC
0x00007ff80ec31000 	/System/Library/PrivateFrameworks/CoreNLP.framework/Versions/A/CoreNLP
0x00007ff80bf35000 	/System/Library/PrivateFrameworks/MetadataUtilities.framework/Versions/A/MetadataUtilities
0x00007ff8061dd000 	/usr/lib/libmecabra.dylib
0x00007ff80f9a2000 	/usr/lib/libmecab.dylib
0x00007ff8061a8000 	/usr/lib/libCRFSuite.dylib
0x00007ff80f9fc000 	/usr/lib/libgermantok.dylib
0x00007ff810584000 	/usr/lib/libThaiTokenizer.dylib
0x00007ff80c028000 	/System/Library/Frameworks/Accelerate.framework/Versions/A/Frameworks/vImage.framework/Versions/A/vImage
0x00007ff8166cb000 	/System/Library/Frameworks/Accelerate.framework/Versions/A/Frameworks/vecLib.framework/Versions/A/vecLib
0x00007ff810b73000 	/System/Library/Frameworks/Accelerate.framework/Versions/A/Frameworks/vecLib.framework/Versions/A/libvMisc.dylib
0x00007ff80f3f0000 	/System/Library/Frameworks/Accelerate.framework/Versions/A/Frameworks/vecLib.framework/Versions/A/libvDSP.dylib
0x00007ff805e1c000 	/System/Library/Frameworks/Accelerate.framework/Versions/A/Frameworks/vecLib.framework/Versions/A/libBLAS.dylib
0x00007ff8106bc000 	/System/Library/Frameworks/Accelerate.framework/Versions/A/Frameworks/vecLib.framework/Versions/A/libLAPACK.dylib
0x00007ff80f9ff000 	/System/Library/Frameworks/Accelerate.framework/Versions/A/Frameworks/vecLib.framework/Versions/A/libLinearAlgebra.dylib
0x00007ff8105c1000 	/System/Library/Frameworks/Accelerate.framework/Versions/A/Frameworks/vecLib.framework/Versions/A/libSparseBLAS.dylib
0x00007ff8106b6000 	/System/Library/Frameworks/Accelerate.framework/Versions/A/Frameworks/vecLib.framework/Versions/A/libQuadrature.dylib
0x00007ff80ed1c000 	/System/Library/Frameworks/Accelerate.framework/Versions/A/Frameworks/vecLib.framework/Versions/A/libBNNS.dylib
0x00007ff8060b6000 	/System/Library/Frameworks/Accelerate.framework/Versions/A/Frameworks/vecLib.framework/Versions/A/libSparse.dylib
0x00007ff80ed15000 	/System/Library/PrivateFrameworks/LinguisticData.framework/Versions/A/LinguisticData
0x00007ff80606c000 	/System/Library/PrivateFrameworks/Lexicon.framework/Versions/A/Lexicon
0x00007ff810b6c000 	/usr/lib/libChineseTokenizer.dylib
0x00007ff8067d7000 	/System/Library/PrivateFrameworks/LanguageModeling.framework/Versions/A/LanguageModeling
0x00007ff810586000 	/System/Library/PrivateFrameworks/AppleSauce.framework/Versions/A/AppleSauce
0x00007ff80f5b3000 	/System/Library/PrivateFrameworks/CoreEmoji.framework/Versions/A/CoreEmoji
0x00007ff810487000 	/usr/lib/libcmph.dylib
0x00007ff80cc7f000 	/System/Library/Frameworks/OpenDirectory.framework/Versions/A/Frameworks/CFOpenDirectory.framework/Versions/A/CFOpenDirectory
0x00007ff80cc73000 	/System/Library/Frameworks/OpenDirectory.framework/Versions/A/OpenDirectory
0x00007ff810ac5000 	/System/Library/PrivateFrameworks/APFS.framework/Versions/A/APFS
0x00007ff80f8c9000 	/System/Library/Frameworks/SecurityFoundation.framework/Versions/A/SecurityFoundation
0x00007ff810b40000 	/usr/lib/libutil.dylib
0x00007ff807ec7000 	/System/Library/PrivateFrameworks/CoreServicesStore.framework/Versions/A/CoreServicesStore
0x00007ff810b44000 	/usr/lib/libxslt.1.dylib
0x00007ff80f956000 	/System/Library/PrivateFrameworks/BackgroundTaskManagement.framework/Versions/A/BackgroundTaskManagement
0x00007ff811fb5000 	/System/Library/Frameworks/ImageIO.framework/Versions/A/Resources/libRadiance.dylib
0x00007ff811fbe000 	/System/Library/Frameworks/ImageIO.framework/Versions/A/Resources/libJPEG.dylib
0x00007ff811f0d000 	/System/Library/Frameworks/ImageIO.framework/Versions/A/Resources/libPng.dylib
0x00007ff811f2e000 	/System/Library/Frameworks/ImageIO.framework/Versions/A/Resources/libTIFF.dylib
0x00007ff81201e000 	/System/Library/Frameworks/ImageIO.framework/Versions/A/Resources/libGIF.dylib
0x00007ff811847000 	/System/Library/Frameworks/ImageIO.framework/Versions/A/Resources/libJP2.dylib
0x00007ff810f82000 	/usr/lib/libexpat.1.dylib
0x00007ff8117fc000 	/System/Library/PrivateFrameworks/AppleJPEG.framework/Versions/A/AppleJPEG
0x00007ff80e165000 	/System/Library/PrivateFrameworks/FontServices.framework/libFontParser.dylib
0x00007ff80bc78000 	/System/Library/PrivateFrameworks/RunningBoardServices.framework/Versions/A/RunningBoardServices
0x00007ff81c999000 	/System/Library/PrivateFrameworks/IOSurfaceAccelerator.framework/Versions/A/IOSurfaceAccelerator
0x00007ff81192a000 	/System/Library/PrivateFrameworks/WatchdogClient.framework/Versions/A/WatchdogClient
0x00007ff8068c5000 	/System/Library/Frameworks/CoreDisplay.framework/Versions/A/CoreDisplay
0x00007ff80e063000 	/System/Library/Frameworks/CoreMedia.framework/Versions/A/CoreMedia
0x00007ff80def7000 	/System/Library/PrivateFrameworks/IOAccelerator.framework/Versions/A/IOAccelerator
0x00007ff80cdfc000 	/System/Library/Frameworks/CoreVideo.framework/Versions/A/CoreVideo
0x00007ff8105d7000 	/System/Library/Frameworks/MetalPerformanceShaders.framework/Versions/A/MetalPerformanceShaders
0x00007ff811967000 	/System/Library/Frameworks/VideoToolbox.framework/Versions/A/VideoToolbox
0x00007ff80bbc2000 	/System/Library/PrivateFrameworks/BaseBoard.framework/Versions/A/BaseBoard
0x00007ff80b949000 	/System/Library/PrivateFrameworks/ProtocolBuffer.framework/Versions/A/ProtocolBuffer
0x00007ff811fae000 	/System/Library/PrivateFrameworks/GPUWrangler.framework/Versions/A/GPUWrangler
0x00007ff811f92000 	/System/Library/PrivateFrameworks/IOPresentment.framework/Versions/A/IOPresentment
0x00007ff811fb8000 	/System/Library/PrivateFrameworks/DSExternalDisplay.framework/Versions/A/DSExternalDisplay
0x00007ffa1e336000 	/System/Library/Frameworks/OpenGL.framework/Versions/A/Libraries/libCoreFSCache.dylib
0x00007ffb0b40b000 	/System/Library/PrivateFrameworks/GPUCompiler.framework/Versions/31001/Libraries/libGPUCompilerUtils.dylib
0x00007ff812023000 	/System/Library/PrivateFrameworks/CMCaptureCore.framework/Versions/A/CMCaptureCore
0x00007ff81152b000 	/System/Library/PrivateFrameworks/AppServerSupport.framework/Versions/A/AppServerSupport
0x00007ff8137f1000 	/System/Library/PrivateFrameworks/perfdata.framework/Versions/A/perfdata
0x00007ff8069f1000 	/System/Library/PrivateFrameworks/AudioToolboxCore.framework/Versions/A/AudioToolboxCore
0x00007ff80e041000 	/System/Library/PrivateFrameworks/caulk.framework/Versions/A/caulk
0x00007ff813103000 	/usr/lib/libAudioStatistics.dylib
0x00007ff90adf5000 	/System/Library/PrivateFrameworks/SystemPolicy.framework/Versions/A/SystemPolicy
0x00007ff81335e000 	/usr/lib/libSMC.dylib
0x00007ff81c291000 	/System/Library/Frameworks/CoreMIDI.framework/Versions/A/CoreMIDI
0x00007ff811edc000 	/usr/lib/libAudioToolboxUtility.dylib
0x00007ff907019000 	/System/Library/PrivateFrameworks/OSAServicesClient.framework/Versions/A/OSAServicesClient
0x00007ff8137fe000 	/usr/lib/libperfcheck.dylib
0x00007ff90b8a6000 	/usr/lib/libmis.dylib
0x00007ffa1e391000 	/System/Library/Frameworks/OpenGL.framework/Versions/A/Libraries/libGLU.dylib
0x00007ffa1e355000 	/System/Library/Frameworks/OpenGL.framework/Versions/A/Libraries/libGFXShared.dylib
0x00007ffa1e55e000 	/System/Library/Frameworks/OpenGL.framework/Versions/A/Libraries/libGL.dylib
0x00007ffa1e35e000 	/System/Library/Frameworks/OpenGL.framework/Versions/A/Libraries/libGLImage.dylib
0x00007ffa1e352000 	/System/Library/Frameworks/OpenGL.framework/Versions/A/Libraries/libCVMSPluginSupport.dylib
0x00007ffa1e33d000 	/System/Library/Frameworks/OpenGL.framework/Versions/A/Libraries/libCoreVMClient.dylib
0x00007ff80ebad000 	/System/Library/Frameworks/MetalPerformanceShaders.framework/Versions/A/Frameworks/MPSCore.framework/Versions/A/MPSCore
0x00007ff80ff6f000 	/System/Library/Frameworks/MetalPerformanceShaders.framework/Versions/A/Frameworks/MPSImage.framework/Versions/A/MPSImage
0x00007ff80fa15000 	/System/Library/Frameworks/MetalPerformanceShaders.framework/Versions/A/Frameworks/MPSNeuralNetwork.framework/Versions/A/MPSNeuralNetwork
0x00007ff80fe89000 	/System/Library/Frameworks/MetalPerformanceShaders.framework/Versions/A/Frameworks/MPSMatrix.framework/Versions/A/MPSMatrix
0x00007ff80fc44000 	/System/Library/Frameworks/MetalPerformanceShaders.framework/Versions/A/Frameworks/MPSRayIntersector.framework/Versions/A/MPSRayIntersector
0x00007ff80fec1000 	/System/Library/Frameworks/MetalPerformanceShaders.framework/Versions/A/Frameworks/MPSNDArray.framework/Versions/A/MPSNDArray
0x00007ffa23e16000 	/System/Library/Frameworks/MetalPerformanceShaders.framework/Versions/A/Frameworks/MPSFunctions.framework/Versions/A/MPSFunctions
0x00007ff805cf8000 	/System/Library/PrivateFrameworks/MetalTools.framework/Versions/A/MetalTools
0x00007ff80ec29000 	/System/Library/PrivateFrameworks/AggregateDictionary.framework/Versions/A/AggregateDictionary
0x00007ff810d64000 	/usr/lib/libIOReport.dylib
0x00007ffa1f96d000 	/System/Library/Frameworks/OpenCL.framework/Versions/A/OpenCL
0x00007ff8110c9000 	/System/Library/PrivateFrameworks/FaceCore.framework/Versions/A/FaceCore
0x00007ff8110ba000 	/System/Library/PrivateFrameworks/GraphVisualizer.framework/Versions/A/GraphVisualizer
0x00007ffb0b316000 	/System/Library/PrivateFrameworks/FontServices.framework/Versions/A/FontServices
0x00007ff8114e3000 	/System/Library/PrivateFrameworks/OTSVG.framework/Versions/A/OTSVG
0x00007ff80c9e2000 	/System/Library/Frameworks/ApplicationServices.framework/Versions/A/Frameworks/ATS.framework/Versions/A/Resources/libFontRegistry.dylib
0x00007ff811533000 	/System/Library/PrivateFrameworks/FontServices.framework/libhvf.dylib
0x00007ffb0b317000 	/System/Library/PrivateFrameworks/FontServices.framework/libXTFontStaticRegistryData.dylib
0x00007ff810f32000 	/System/Library/PrivateFrameworks/AppleVA.framework/Versions/A/AppleVA
0x00007ff813123000 	/System/Library/Frameworks/ApplicationServices.framework/Versions/A/Frameworks/ATS.framework/Versions/A/ATS
0x00007ff80b08e000 	/System/Library/Frameworks/ApplicationServices.framework/Versions/A/Frameworks/HIServices.framework/Versions/A/HIServices
0x00007ff81202d000 	/System/Library/Frameworks/ApplicationServices.framework/Versions/A/Frameworks/PrintCore.framework/Versions/A/PrintCore
0x00007ff8134b1000 	/System/Library/Frameworks/ApplicationServices.framework/Versions/A/Frameworks/QD.framework/Versions/A/QD
0x00007ff8134a9000 	/System/Library/Frameworks/ApplicationServices.framework/Versions/A/Frameworks/ColorSyncLegacy.framework/Versions/A/ColorSyncLegacy
0x00007ff813113000 	/System/Library/Frameworks/ApplicationServices.framework/Versions/A/Frameworks/SpeechSynthesis.framework/Versions/A/SpeechSynthesis
0x00007ff811fee000 	/System/Library/Frameworks/ApplicationServices.framework/Versions/A/Frameworks/ATSUI.framework/Versions/A/ATSUI
0x00007ff81343e000 	/usr/lib/libcups.2.dylib
0x00007ff81380d000 	/System/Library/Frameworks/Kerberos.framework/Versions/A/Kerberos
0x00007ff81381c000 	/System/Library/Frameworks/GSS.framework/Versions/A/GSS
0x00007ff81318f000 	/usr/lib/libresolv.9.dylib
0x00007ff811542000 	/System/Library/PrivateFrameworks/Heimdal.framework/Versions/A/Heimdal
0x00007ff81a414000 	/System/Library/Frameworks/Kerberos.framework/Versions/A/Libraries/libHeimdalProxy.dylib
0x00007ff80bd4c000 	/System/Library/Frameworks/Network.framework/Versions/A/Network
0x00007ff810f9d000 	/usr/lib/libheimdal-asn1.dylib
0x00007ff813867000 	/System/Library/PrivateFrameworks/CommonAuth.framework/Versions/A/CommonAuth
0x00007ff813095000 	/System/Library/PrivateFrameworks/AudioSession.framework/Versions/A/AudioSession
0x00007ff81102d000 	/System/Library/PrivateFrameworks/MediaExperience.framework/Versions/A/MediaExperience
0x00007ff812f27000 	/System/Library/PrivateFrameworks/AudioSession.framework/libSessionUtility.dylib
0x00007ff8134bd000 	/System/Library/PrivateFrameworks/AudioResourceArbitration.framework/Versions/A/AudioResourceArbitration
0x00007ff81753e000 	/System/Library/PrivateFrameworks/PowerLog.framework/Versions/A/PowerLog
0x00007ff810fa6000 	/System/Library/PrivateFrameworks/IconFoundation.framework/Versions/A/IconFoundation
0x00007ff8162f4000 	/System/Library/PrivateFrameworks/SpeechRecognitionCore.framework/Versions/A/SpeechRecognitionCore
0x0000000111170000 	/Users/mac/Applications/PhpStorm.app/Contents/jbr/Contents/Home/lib/server/libjvm.dylib
0x0000000110042000 	/Users/mac/Applications/PhpStorm.app/Contents/jbr/Contents/Home/lib/libjimage.dylib
0x00000001100c0000 	/Users/mac/Applications/PhpStorm.app/Contents/jbr/Contents/Home/lib/libjava.dylib
0x0000000110f0b000 	/Users/mac/Applications/PhpStorm.app/Contents/jbr/Contents/Home/lib/libzip.dylib
0x0000000110f3b000 	/Users/mac/Applications/PhpStorm.app/Contents/jbr/Contents/Home/lib/libnio.dylib
0x0000000110f75000 	/Users/mac/Applications/PhpStorm.app/Contents/jbr/Contents/Home/lib/libnet.dylib
0x0000000110f1f000 	/Users/mac/Applications/PhpStorm.app/Contents/jbr/Contents/Home/lib/libextnet.dylib
0x0000000110f57000 	/Users/mac/Applications/PhpStorm.app/Contents/jbr/Contents/Home/lib/librmi.dylib


VM Arguments:
jvm_args: -Djava.rmi.server.hostname=127.0.0.1 -Duser.timezone=UTC -Xmx2048m -Xms128m -Djdbc.classpath=/Users/mac/Applications/PhpStorm.app/Contents/plugins/DatabaseTools/lib/jdbc-console.jar:/Users/mac/Library/Application Support/JetBrains/PhpStorm2024.1/jdbc-drivers/MySQL ConnectorJ/8.2.0/com/mysql/mysql-connector-j/8.2.0/mysql-connector-j-8.2.0.jar:/Users/mac/Library/Application Support/JetBrains/PhpStorm2024.1/jdbc-drivers/MySQL ConnectorJ/8.2.0/com/google/protobuf/protobuf-java/3.21.9/protobuf-java-3.21.9.jar --add-exports=java.desktop/sun.awt=ALL-UNNAMED --add-exports=java.desktop/java.awt.peer=ALL-UNNAMED --add-opens=java.desktop/java.awt=ALL-UNNAMED --add-opens=jdk.unsupported/sun.misc=ALL-UNNAMED --add-opens=java.base/java.nio=ALL-UNNAMED --add-opens=java.base/java.util=ALL-UNNAMED -Dfile.encoding=UTF-8 
java_command: com.intellij.database.remote.RemoteJdbcServer com.mysql.cj.jdbc.Driver
java_class_path (initial): /Users/mac/Applications/PhpStorm.app/Contents/lib/util_rt.jar:/Users/mac/Applications/PhpStorm.app/Contents/lib/util-8.jar:/Users/mac/Applications/PhpStorm.app/Contents/lib/groovy.jar:/Users/mac/Applications/PhpStorm.app/Contents/plugins/DatabaseTools/lib/jdbc-console.jar:/Users/mac/Applications/PhpStorm.app/Contents/plugins/grid-core-impl/lib/jdbc-console-types.jar:/Users/mac/Applications/PhpStorm.app/Contents/lib/util.jar
Launcher Type: SUN_STANDARD

[Global flags]
     intx CICompilerCount                          = 3                                         {product} {ergonomic}
     uint ConcGCThreads                            = 1                                         {product} {ergonomic}
     uint G1ConcRefinementThreads                  = 4                                         {product} {ergonomic}
   size_t G1HeapRegionSize                         = 1048576                                   {product} {ergonomic}
    uintx GCDrainStackTargetSize                   = 64                                        {product} {ergonomic}
   size_t InitialHeapSize                          = 134217728                                 {product} {command line}
   size_t MarkStackSize                            = 4194304                                   {product} {ergonomic}
   size_t MaxHeapSize                              = 2147483648                                {product} {command line}
   size_t MaxNewSize                               = 1287651328                                {product} {ergonomic}
   size_t MinHeapDeltaBytes                        = 1048576                                   {product} {ergonomic}
   size_t MinHeapSize                              = 134217728                                 {product} {command line}
    uintx NonNMethodCodeHeapSize                   = 5832780                                {pd product} {ergonomic}
    uintx NonProfiledCodeHeapSize                  = 122912730                              {pd product} {ergonomic}
    uintx ProfiledCodeHeapSize                     = 122912730                              {pd product} {ergonomic}
    uintx ReservedCodeCacheSize                    = 251658240                              {pd product} {ergonomic}
     bool SegmentedCodeCache                       = true                                      {product} {ergonomic}
   size_t SoftMaxHeapSize                          = 2147483648                             {manageable} {ergonomic}
     bool UseCompressedClassPointers               = true                           {product lp64_product} {ergonomic}
     bool UseCompressedOops                        = true                           {product lp64_product} {ergonomic}
     bool UseG1GC                                  = true                                      {product} {ergonomic}
     bool UseNUMA                                  = false                                     {product} {ergonomic}
     bool UseNUMAInterleaving                      = false                                     {product} {ergonomic}

Logging:
Log output configuration:
 #0: stdout all=warning uptime,level,tags
 #1: stderr all=off uptime,level,tags

Environment Variables:
PATH=/usr/bin:/bin:/usr/sbin:/sbin
SHELL=/bin/zsh
DISPLAY=/private/tmp/com.apple.launchd.ztaSf0kWlq/org.macosforge.xquartz:0
TMPDIR=/var/folders/sq/mw7hkdzn3b30nx5mzzp4d9100000gn/T/

Active Locale:
LC_ALL=C
LC_COLLATE=C
LC_CTYPE=C
LC_MESSAGES=C
LC_MONETARY=C
LC_NUMERIC=C
LC_TIME=C

Signal Handlers:
   SIGSEGV: _ZL13crash_handleriP9__siginfoPv in libjvm.dylib, mask=11100110000111110111111111111111, flags=SA_RESTART|SA_SIGINFO, unblocked
    SIGBUS: _ZL13crash_handleriP9__siginfoPv in libjvm.dylib, mask=11100110000111110111111111111111, flags=SA_RESTART|SA_SIGINFO, unblocked
    SIGFPE: _ZL13crash_handleriP9__siginfoPv in libjvm.dylib, mask=11100110000111110111111111111111, flags=SA_RESTART|SA_SIGINFO, unblocked
   SIGPIPE: _ZL17javaSignalHandleriP9__siginfoPv in libjvm.dylib, mask=11100110000111110111111111111111, flags=SA_RESTART|SA_SIGINFO, blocked
   SIGXFSZ: _ZL17javaSignalHandleriP9__siginfoPv in libjvm.dylib, mask=11100110000111110111111111111111, flags=SA_RESTART|SA_SIGINFO, blocked
    SIGILL: _ZL13crash_handleriP9__siginfoPv in libjvm.dylib, mask=11100110000111110111111111111111, flags=SA_RESTART|SA_SIGINFO, unblocked
   SIGUSR2: _ZL10SR_handleriP9__siginfoP17__darwin_ucontext in libjvm.dylib, mask=00100000000000000000000000000000, flags=SA_RESTART|SA_SIGINFO, blocked
    SIGHUP: _ZL11UserHandleriPvS_ in libjvm.dylib, mask=11100110000111110111111111111111, flags=SA_RESTART|SA_SIGINFO, blocked
    SIGINT: _ZL11UserHandleriPvS_ in libjvm.dylib, mask=11100110000111110111111111111111, flags=SA_RESTART|SA_SIGINFO, blocked
   SIGTERM: _ZL11UserHandleriPvS_ in libjvm.dylib, mask=11100110000111110111111111111111, flags=SA_RESTART|SA_SIGINFO, blocked
   SIGQUIT: _ZL11UserHandleriPvS_ in libjvm.dylib, mask=11100110000111110111111111111111, flags=SA_RESTART|SA_SIGINFO, blocked
   SIGTRAP: _ZL13crash_handleriP9__siginfoPv in libjvm.dylib, mask=11100110000111110111111111111111, flags=SA_RESTART|SA_SIGINFO, unblocked


Periodic native trim disabled

JNI global refs:
JNI global refs: 16, weak refs: 0

JNI global refs memory usage: 835, weak refs: 201

Process memory usage:
Resident Set Size: 50252K (0% of 8388608K total physical memory with 20668K free physical memory)

OOME stack traces (most recent first):
Classloader memory used:
Loader bootstrap                                                                       : 1300K
Loader jdk.internal.loader.ClassLoaders$AppClassLoader                                 : 20250B
Loader jdk.internal.loader.ClassLoaders$PlatformClassLoader                            : 6339B
Loader com.intellij.database.remote.jdbc.impl.JdbcClassLoader$JdbcClassLoaderImpl      : 4601B
Loader jdk.internal.reflect.DelegatingClassLoader                                      : 434B


---------------  S Y S T E M  ---------------

OS:
uname: Darwin 21.6.0 Darwin Kernel Version 21.6.0: Wed Apr 24 06:02:02 PDT 2024; root:xnu-8020.240.18.708.4~1/RELEASE_X86_64 x86_64
OS uptime: 0 days 0:50 hours
rlimit (soft/hard): STACK 8192k/65532k , CORE 0k/infinity , NPROC 1392/2088 , NOFILE 10240/infinity , AS infinity/infinity , CPU infinity/infinity , DATA infinity/infinity , FSIZE infinity/infinity , MEMLOCK infinity/infinity , RSS infinity/infinity
load average: 193.92 158.15 165.18

CPU: total 4 (initial active 4) (2 cores per cpu, 2 threads per core) family 6 model 61 stepping 4 microcode 0x2f, cx8, cmov, fxsr, ht, mmx, 3dnowpref, sse, sse2, sse3, ssse3, sse4.1, sse4.2, popcnt, lzcnt, tsc, tscinvbit, avx, avx2, aes, erms, clmul, bmi1, bmi2, adx, fma, vzeroupper, clflush
machdep.cpu.brand_string:Intel(R) Core(TM) i5-5257U CPU @ 2.70GHz
hw.cpufrequency:2700000000
hw.cpufrequency_min:2700000000
hw.cpufrequency_max:2700000000
hw.cachelinesize:64
hw.l1icachesize:32768
hw.l1dcachesize:32768
hw.l2cachesize:262144
hw.l3cachesize:3145728

Memory: 4k page, physical 8388608k(20668k free), swap 2097152k(526080k free)

vm_info: OpenJDK 64-Bit Server VM (17.0.11+1-b1207.24) for bsd-amd64 JRE (17.0.11+1-b1207.24), built on 2024-05-15 by "builduser" with clang Apple LLVM 13.0.0 (clang-1300.0.29.3)

END.
